Using pre-set license
Built from '2022.3/release' branch; Version is '2022.3.20f1 (61c2feb0970d) revision 6406910'; Using compiler version '192829333'; Build Type 'Release'
OS: 'Windows 11  (10.0.26100) 64bit Core' Language: 'ko' Physical Memory: 24269 MB
BatchMode: 1, IsHumanControllingUs: 0, StartBugReporterOnCrash: 0, Is64bit: 1, IsPro: 1

COMMAND LINE ARGUMENTS:
C:\Program Files\Unity\Hub\Editor\2022.3.20f1\Editor\Unity.exe
-adb2
-batchMode
-noUpm
-name
AssetImportWorker0
-projectPath
D:/guswn3717/github/Test/250415Unity/Game
-logFile
Logs/AssetImportWorker0.log
-srvPort
52331
Successfully changed project path to: D:/guswn3717/github/Test/250415Unity/Game
D:/guswn3717/github/Test/250415Unity/Game
[UnityMemory] Configuration Parameters - Can be set up in boot.config
    "memorysetup-bucket-allocator-granularity=16"
    "memorysetup-bucket-allocator-bucket-count=8"
    "memorysetup-bucket-allocator-block-size=33554432"
    "memorysetup-bucket-allocator-block-count=8"
    "memorysetup-main-allocator-block-size=16777216"
    "memorysetup-thread-allocator-block-size=16777216"
    "memorysetup-gfx-main-allocator-block-size=16777216"
    "memorysetup-gfx-thread-allocator-block-size=16777216"
    "memorysetup-cache-allocator-block-size=4194304"
    "memorysetup-typetree-allocator-block-size=2097152"
    "memorysetup-profiler-bucket-allocator-granularity=16"
    "memorysetup-profiler-bucket-allocator-bucket-count=8"
    "memorysetup-profiler-bucket-allocator-block-size=33554432"
    "memorysetup-profiler-bucket-allocator-block-count=8"
    "memorysetup-profiler-allocator-block-size=16777216"
    "memorysetup-profiler-editor-allocator-block-size=1048576"
    "memorysetup-temp-allocator-size-main=16777216"
    "memorysetup-job-temp-allocator-block-size=2097152"
    "memorysetup-job-temp-allocator-block-size-background=1048576"
    "memorysetup-job-temp-allocator-reduction-small-platforms=262144"
    "memorysetup-allocator-temp-initial-block-size-main=262144"
    "memorysetup-allocator-temp-initial-block-size-worker=262144"
    "memorysetup-temp-allocator-size-background-worker=32768"
    "memorysetup-temp-allocator-size-job-worker=262144"
    "memorysetup-temp-allocator-size-preload-manager=33554432"
    "memorysetup-temp-allocator-size-nav-mesh-worker=65536"
    "memorysetup-temp-allocator-size-audio-worker=65536"
    "memorysetup-temp-allocator-size-cloud-worker=32768"
    "memorysetup-temp-allocator-size-gi-baking-worker=262144"
    "memorysetup-temp-allocator-size-gfx=262144"
Player connection [2760] Host "[IP] 25.21.177.50 [Port] 0 [Flags] 2 [Guid] 1347096618 [EditorId] 1347096618 [Version] 1048832 [Id] WindowsEditor(7,guswn3717) [Debug] 1 [PackageName] WindowsEditor [ProjectName] Editor" joined multi-casting on [225.0.0.222:54997]...

Player connection [2760] Host "[IP] 25.21.177.50 [Port] 0 [Flags] 2 [Guid] 1347096618 [EditorId] 1347096618 [Version] 1048832 [Id] WindowsEditor(7,guswn3717) [Debug] 1 [PackageName] WindowsEditor [ProjectName] Editor" joined alternative multi-casting on [225.0.0.222:34997]...

[Physics::Module] Initialized MultithreadedJobDispatcher with 23 workers.
Refreshing native plugins compatible for Editor in 0.00 ms, found 0 plugins.
Preloading 0 native plugins for Editor in 0.00 ms.
Initialize engine version: 2022.3.20f1 (61c2feb0970d)
[Subsystems] Discovering subsystems at path C:/Program Files/Unity/Hub/Editor/2022.3.20f1/Editor/Data/Resources/UnitySubsystems
[Subsystems] Discovering subsystems at path D:/guswn3717/github/Test/250415Unity/Game/Assets
GfxDevice: creating device client; threaded=0; jobified=0
Direct3D:
    Version:  Direct3D 11.0 [level 11.1]
    Renderer: NVIDIA GeForce RTX 4060 Laptop GPU (ID=0x28a0)
    Vendor:   NVIDIA
    VRAM:     7957 MB
    Driver:   32.0.15.6119
Initialize mono
Mono path[0] = 'C:/Program Files/Unity/Hub/Editor/2022.3.20f1/Editor/Data/Managed'
Mono path[1] = 'C:/Program Files/Unity/Hub/Editor/2022.3.20f1/Editor/Data/MonoBleedingEdge/lib/mono/unityjit-win32'
Mono config path = 'C:/Program Files/Unity/Hub/Editor/2022.3.20f1/Editor/Data/MonoBleedingEdge/etc'
Using monoOptions --debugger-agent=transport=dt_socket,embedding=1,server=y,suspend=n,address=127.0.0.1:56484
Begin MonoManager ReloadAssembly
Registering precompiled unity dll's ...
Register platform support module: C:/Program Files/Unity/Hub/Editor/2022.3.20f1/Editor/Data/PlaybackEngines/WindowsStandaloneSupport/UnityEditor.WindowsStandalone.Extensions.dll
Register platform support module: C:/Program Files/Unity/Hub/Editor/2022.3.20f1/Editor/Data/PlaybackEngines/MetroSupport/UnityEditor.UWP.Extensions.dll
Registered in 0.045354 seconds.
- Loaded All Assemblies, in  1.633 seconds
Native extension for UWP target not found
Native extension for WindowsStandalone target not found
Mono: successfully reloaded assembly
- Finished resetting the current domain, in  0.445 seconds
Domain Reload Profiling: 2069ms
	BeginReloadAssembly (558ms)
		ExecutionOrderSort (0ms)
		DisableScriptedObjects (0ms)
		BackupInstance (0ms)
		ReleaseScriptingObjects (0ms)
		CreateAndSetChildDomain (4ms)
	RebuildCommonClasses (184ms)
	RebuildNativeTypeToScriptingClass (45ms)
	initialDomainReloadingComplete (229ms)
	LoadAllAssembliesAndSetupDomain (607ms)
		LoadAssemblies (543ms)
		RebuildTransferFunctionScriptingTraits (0ms)
		AnalyzeDomain (602ms)
			TypeCache.Refresh (595ms)
				TypeCache.ScanAssembly (542ms)
			ScanForSourceGeneratedMonoScriptInfo (0ms)
			ResolveRequiredComponents (1ms)
	FinalizeReload (446ms)
		ReleaseScriptCaches (0ms)
		RebuildScriptCaches (0ms)
		SetupLoadedEditorAssemblies (337ms)
			LogAssemblyErrors (0ms)
			InitializePlatformSupportModulesInManaged (22ms)
			SetLoadedEditorAssemblies (8ms)
			RefreshPlugins (0ms)
			BeforeProcessingInitializeOnLoad (12ms)
			ProcessInitializeOnLoadAttributes (221ms)
			ProcessInitializeOnLoadMethodAttributes (74ms)
			AfterProcessingInitializeOnLoad (0ms)
			EditorAssembliesLoaded (0ms)
		ExecutionOrderSort2 (0ms)
		AwakeInstancesAfterBackupRestoration (0ms)
========================================================================
Worker process is ready to serve import requests
Begin MonoManager ReloadAssembly
- Loaded All Assemblies, in  0.292 seconds
Refreshing native plugins compatible for Editor in 0.00 ms, found 0 plugins.
Native extension for UWP target not found
Native extension for WindowsStandalone target not found
Mono: successfully reloaded assembly
- Finished resetting the current domain, in  0.425 seconds
Domain Reload Profiling: 715ms
	BeginReloadAssembly (195ms)
		ExecutionOrderSort (0ms)
		DisableScriptedObjects (7ms)
		BackupInstance (0ms)
		ReleaseScriptingObjects (0ms)
		CreateAndSetChildDomain (28ms)
	RebuildCommonClasses (42ms)
	RebuildNativeTypeToScriptingClass (13ms)
	initialDomainReloadingComplete (29ms)
	LoadAllAssembliesAndSetupDomain (10ms)
		LoadAssemblies (113ms)
		RebuildTransferFunctionScriptingTraits (0ms)
		AnalyzeDomain (8ms)
			TypeCache.Refresh (5ms)
				TypeCache.ScanAssembly (0ms)
			ScanForSourceGeneratedMonoScriptInfo (1ms)
			ResolveRequiredComponents (1ms)
	FinalizeReload (426ms)
		ReleaseScriptCaches (0ms)
		RebuildScriptCaches (0ms)
		SetupLoadedEditorAssemblies (263ms)
			LogAssemblyErrors (0ms)
			InitializePlatformSupportModulesInManaged (9ms)
			SetLoadedEditorAssemblies (8ms)
			RefreshPlugins (0ms)
			BeforeProcessingInitializeOnLoad (33ms)
			ProcessInitializeOnLoadAttributes (182ms)
			ProcessInitializeOnLoadMethodAttributes (24ms)
			AfterProcessingInitializeOnLoad (8ms)
			EditorAssembliesLoaded (0ms)
		ExecutionOrderSort2 (0ms)
		AwakeInstancesAfterBackupRestoration (8ms)
Launched and connected shader compiler UnityShaderCompiler.exe after 0.06 seconds
Refreshing native plugins compatible for Editor in 0.00 ms, found 0 plugins.
Preloading 0 native plugins for Editor in 0.00 ms.
Unloading 9 Unused Serialized files (Serialized files now loaded: 0)
Unloading 3 unused Assets / (46.5 KB). Loaded Objects now: 481.
Memory consumption went from 53.9 MB to 53.9 MB.
Total: 2.553600 ms (FindLiveObjects: 0.033700 ms CreateObjectMapping: 0.004200 ms MarkObjects: 2.454500 ms  DeleteObjects: 0.060200 ms)

AssetImportParameters requested are different than current active one (requested -> active):
  custom:video-decoder-ogg-theora: a1e56fd34408186e4bbccfd4996cb3dc -> 
  custom:container-muxer-webm: aa71ff27fc2769a1b78a27578f13a17b -> 
  custom:container-demuxer-webm: 4f35f7cbe854078d1ac9338744f61a02 -> 
  custom:video-encoder-webm-vp8: eb34c28f22e8b96e1ab97ce403110664 -> 
  custom:video-codec-MediaFoundation-h265: 746d11721c4dcdbdad8f713fa42b33f4 -> 
  custom:CustomObjectIndexerAttribute: 6d391050e5a25f67b0a2c618074f2cd9 -> 
  custom:audio-encoder-webm-vorbis: bf7c407c2cedff20999df2af8eb42d56 -> 
  custom:framework-win-MediaFoundation: 216162199b28c13a410421893ffa2e32 -> 
  custom:SearchIndexIgnoredProperties: e643bd26f0fe6173181afceb89e7c659 -> 
  custom:container-demuxer-ogg: 62fdf1f143b41e24485cea50d1cbac27 -> 
  custom:video-decoder-webm-vp8: 9c59270c3fd7afecdb556c50c9e8de78 -> 
  custom:audio-decoder-ogg-vorbis: bf7c407c2cedff20999df2af8eb42d56 -> 
  custom:AudioImporter_EditorPlatform: d09bf68614088b80899f8185d706f6e7 -> 
========================================================================
Received Import Request.
  Time since last request: 10490.837857 seconds.
  path: Assets/Class2th (Script)/Scenes
  artifactKey: Guid(a489d1d44d088994bac9f0603c740ab3) Importer(815301076,1909f56bfc062723c751e8b465ee728b)
Start importing Assets/Class2th (Script)/Scenes using Guid(a489d1d44d088994bac9f0603c740ab3) Importer(815301076,1909f56bfc062723c751e8b465ee728b)  -> (artifact id: '0740baebff50934571671dd38c5b9ec7') in 0.002947 seconds
Number of updated asset objects reloaded before import = 0
Number of asset objects unloaded after import = 0
========================================================================
Received Import Request.
  Time since last request: 0.000013 seconds.
  path: Assets/Class2th (Script)
  artifactKey: Guid(73d0bbefbbb4d2e4ab75187c7a38939c) Importer(815301076,1909f56bfc062723c751e8b465ee728b)
Start importing Assets/Class2th (Script) using Guid(73d0bbefbbb4d2e4ab75187c7a38939c) Importer(815301076,1909f56bfc062723c751e8b465ee728b)  -> (artifact id: 'e4eb6a7170d47370c27125eaab24c4f0') in 0.000354 seconds
Number of updated asset objects reloaded before import = 0
Number of asset objects unloaded after import = 0
========================================================================
Received Import Request.
  Time since last request: 6.449563 seconds.
  path: Assets/Class3th (Life Cycle)/Scenes
  artifactKey: Guid(e39c574cf0b692e47b79cc3f53a6aaca) Importer(815301076,1909f56bfc062723c751e8b465ee728b)
Start importing Assets/Class3th (Life Cycle)/Scenes using Guid(e39c574cf0b692e47b79cc3f53a6aaca) Importer(815301076,1909f56bfc062723c751e8b465ee728b)  -> (artifact id: '2042fe2ef986114a404c8071d2b89334') in 0.000597 seconds
Number of updated asset objects reloaded before import = 0
Number of asset objects unloaded after import = 0
========================================================================
Received Import Request.
  Time since last request: 0.585091 seconds.
  path: Assets/Class3th (Life Cycle)/Scenes/Class 3th.unity
  artifactKey: Guid(86eb755a851e7e64ba7e7304de2bc2c7) Importer(815301076,1909f56bfc062723c751e8b465ee728b)
Start importing Assets/Class3th (Life Cycle)/Scenes/Class 3th.unity using Guid(86eb755a851e7e64ba7e7304de2bc2c7) Importer(815301076,1909f56bfc062723c751e8b465ee728b)  -> (artifact id: 'ca9352fd8deb08bb2614e9c042ba89de') in 0.000590 seconds
Number of updated asset objects reloaded before import = 0
Number of asset objects unloaded after import = 0
========================================================================
Received Prepare
Begin MonoManager ReloadAssembly
- Loaded All Assemblies, in  0.209 seconds
Refreshing native plugins compatible for Editor in 0.00 ms, found 0 plugins.
Native extension for UWP target not found
Native extension for WindowsStandalone target not found
Mono: successfully reloaded assembly
- Finished resetting the current domain, in  0.326 seconds
Domain Reload Profiling: 534ms
	BeginReloadAssembly (134ms)
		ExecutionOrderSort (0ms)
		DisableScriptedObjects (5ms)
		BackupInstance (0ms)
		ReleaseScriptingObjects (0ms)
		CreateAndSetChildDomain (15ms)
	RebuildCommonClasses (36ms)
	RebuildNativeTypeToScriptingClass (10ms)
	initialDomainReloadingComplete (22ms)
	LoadAllAssembliesAndSetupDomain (7ms)
		LoadAssemblies (86ms)
		RebuildTransferFunctionScriptingTraits (0ms)
		AnalyzeDomain (5ms)
			TypeCache.Refresh (3ms)
				TypeCache.ScanAssembly (0ms)
			ScanForSourceGeneratedMonoScriptInfo (0ms)
			ResolveRequiredComponents (0ms)
	FinalizeReload (327ms)
		ReleaseScriptCaches (0ms)
		RebuildScriptCaches (0ms)
		SetupLoadedEditorAssemblies (209ms)
			LogAssemblyErrors (0ms)
			InitializePlatformSupportModulesInManaged (7ms)
			SetLoadedEditorAssemblies (5ms)
			RefreshPlugins (0ms)
			BeforeProcessingInitializeOnLoad (28ms)
			ProcessInitializeOnLoadAttributes (141ms)
			ProcessInitializeOnLoadMethodAttributes (21ms)
			AfterProcessingInitializeOnLoad (7ms)
			EditorAssembliesLoaded (0ms)
		ExecutionOrderSort2 (0ms)
		AwakeInstancesAfterBackupRestoration (7ms)
Refreshing native plugins compatible for Editor in 0.00 ms, found 0 plugins.
Preloading 0 native plugins for Editor in 0.00 ms.
Unloading 3 Unused Serialized files (Serialized files now loaded: 0)
Unloading 1 unused Assets / (7.5 KB). Loaded Objects now: 481.
Memory consumption went from 55.0 MB to 55.0 MB.
Total: 1.864800 ms (FindLiveObjects: 0.028200 ms CreateObjectMapping: 0.003400 ms MarkObjects: 1.821500 ms  DeleteObjects: 0.011200 ms)

Prepare: number of updated asset objects reloaded= 0
AssetImportParameters requested are different than current active one (requested -> active):
  custom:video-decoder-ogg-theora: a1e56fd34408186e4bbccfd4996cb3dc -> 
  custom:container-muxer-webm: aa71ff27fc2769a1b78a27578f13a17b -> 
  custom:container-demuxer-webm: 4f35f7cbe854078d1ac9338744f61a02 -> 
  custom:video-encoder-webm-vp8: eb34c28f22e8b96e1ab97ce403110664 -> 
  custom:video-codec-MediaFoundation-h265: 746d11721c4dcdbdad8f713fa42b33f4 -> 
  custom:CustomObjectIndexerAttribute: 6d391050e5a25f67b0a2c618074f2cd9 -> 
  custom:audio-encoder-webm-vorbis: bf7c407c2cedff20999df2af8eb42d56 -> 
  custom:framework-win-MediaFoundation: 216162199b28c13a410421893ffa2e32 -> 
  custom:SearchIndexIgnoredProperties: e643bd26f0fe6173181afceb89e7c659 -> 
  custom:container-demuxer-ogg: 62fdf1f143b41e24485cea50d1cbac27 -> 
  custom:video-decoder-webm-vp8: 9c59270c3fd7afecdb556c50c9e8de78 -> 
  custom:audio-decoder-ogg-vorbis: bf7c407c2cedff20999df2af8eb42d56 -> 
  custom:AudioImporter_EditorPlatform: d09bf68614088b80899f8185d706f6e7 -> 
========================================================================
Received Prepare
Begin MonoManager ReloadAssembly
- Loaded All Assemblies, in  0.198 seconds
Refreshing native plugins compatible for Editor in 0.00 ms, found 0 plugins.
Native extension for UWP target not found
Native extension for WindowsStandalone target not found
Mono: successfully reloaded assembly
- Finished resetting the current domain, in  0.320 seconds
Domain Reload Profiling: 517ms
	BeginReloadAssembly (126ms)
		ExecutionOrderSort (0ms)
		DisableScriptedObjects (5ms)
		BackupInstance (0ms)
		ReleaseScriptingObjects (0ms)
		CreateAndSetChildDomain (14ms)
	RebuildCommonClasses (32ms)
	RebuildNativeTypeToScriptingClass (10ms)
	initialDomainReloadingComplete (23ms)
	LoadAllAssembliesAndSetupDomain (6ms)
		LoadAssemblies (80ms)
		RebuildTransferFunctionScriptingTraits (0ms)
		AnalyzeDomain (4ms)
			TypeCache.Refresh (3ms)
				TypeCache.ScanAssembly (0ms)
			ScanForSourceGeneratedMonoScriptInfo (0ms)
			ResolveRequiredComponents (0ms)
	FinalizeReload (320ms)
		ReleaseScriptCaches (0ms)
		RebuildScriptCaches (0ms)
		SetupLoadedEditorAssemblies (201ms)
			LogAssemblyErrors (0ms)
			InitializePlatformSupportModulesInManaged (7ms)
			SetLoadedEditorAssemblies (6ms)
			RefreshPlugins (0ms)
			BeforeProcessingInitializeOnLoad (26ms)
			ProcessInitializeOnLoadAttributes (137ms)
			ProcessInitializeOnLoadMethodAttributes (19ms)
			AfterProcessingInitializeOnLoad (6ms)
			EditorAssembliesLoaded (0ms)
		ExecutionOrderSort2 (0ms)
		AwakeInstancesAfterBackupRestoration (6ms)
Refreshing native plugins compatible for Editor in 0.00 ms, found 0 plugins.
Preloading 0 native plugins for Editor in 0.00 ms.
Unloading 4 Unused Serialized files (Serialized files now loaded: 0)
Unloading 1 unused Assets / (9.6 KB). Loaded Objects now: 481.
Memory consumption went from 57.2 MB to 57.2 MB.
Total: 2.001100 ms (FindLiveObjects: 0.029500 ms CreateObjectMapping: 0.003000 ms MarkObjects: 1.952300 ms  DeleteObjects: 0.015700 ms)

Prepare: number of updated asset objects reloaded= 0
AssetImportParameters requested are different than current active one (requested -> active):
  custom:video-decoder-ogg-theora: a1e56fd34408186e4bbccfd4996cb3dc -> 
  custom:container-muxer-webm: aa71ff27fc2769a1b78a27578f13a17b -> 
  custom:container-demuxer-webm: 4f35f7cbe854078d1ac9338744f61a02 -> 
  custom:video-encoder-webm-vp8: eb34c28f22e8b96e1ab97ce403110664 -> 
  custom:video-codec-MediaFoundation-h265: 746d11721c4dcdbdad8f713fa42b33f4 -> 
  custom:CustomObjectIndexerAttribute: 6d391050e5a25f67b0a2c618074f2cd9 -> 
  custom:audio-encoder-webm-vorbis: bf7c407c2cedff20999df2af8eb42d56 -> 
  custom:framework-win-MediaFoundation: 216162199b28c13a410421893ffa2e32 -> 
  custom:SearchIndexIgnoredProperties: e643bd26f0fe6173181afceb89e7c659 -> 
  custom:container-demuxer-ogg: 62fdf1f143b41e24485cea50d1cbac27 -> 
  custom:video-decoder-webm-vp8: 9c59270c3fd7afecdb556c50c9e8de78 -> 
  custom:audio-decoder-ogg-vorbis: bf7c407c2cedff20999df2af8eb42d56 -> 
  custom:AudioImporter_EditorPlatform: d09bf68614088b80899f8185d706f6e7 -> 
========================================================================
Received Prepare
Begin MonoManager ReloadAssembly
- Loaded All Assemblies, in  0.198 seconds
Refreshing native plugins compatible for Editor in 0.00 ms, found 0 plugins.
Native extension for UWP target not found
Native extension for WindowsStandalone target not found
Mono: successfully reloaded assembly
- Finished resetting the current domain, in  0.320 seconds
Domain Reload Profiling: 517ms
	BeginReloadAssembly (126ms)
		ExecutionOrderSort (0ms)
		DisableScriptedObjects (6ms)
		BackupInstance (0ms)
		ReleaseScriptingObjects (0ms)
		CreateAndSetChildDomain (13ms)
	RebuildCommonClasses (32ms)
	RebuildNativeTypeToScriptingClass (9ms)
	initialDomainReloadingComplete (23ms)
	LoadAllAssembliesAndSetupDomain (6ms)
		LoadAssemblies (81ms)
		RebuildTransferFunctionScriptingTraits (0ms)
		AnalyzeDomain (4ms)
			TypeCache.Refresh (3ms)
				TypeCache.ScanAssembly (0ms)
			ScanForSourceGeneratedMonoScriptInfo (0ms)
			ResolveRequiredComponents (0ms)
	FinalizeReload (320ms)
		ReleaseScriptCaches (0ms)
		RebuildScriptCaches (0ms)
		SetupLoadedEditorAssemblies (202ms)
			LogAssemblyErrors (0ms)
			InitializePlatformSupportModulesInManaged (7ms)
			SetLoadedEditorAssemblies (6ms)
			RefreshPlugins (0ms)
			BeforeProcessingInitializeOnLoad (29ms)
			ProcessInitializeOnLoadAttributes (137ms)
			ProcessInitializeOnLoadMethodAttributes (19ms)
			AfterProcessingInitializeOnLoad (6ms)
			EditorAssembliesLoaded (0ms)
		ExecutionOrderSort2 (0ms)
		AwakeInstancesAfterBackupRestoration (6ms)
Refreshing native plugins compatible for Editor in 0.00 ms, found 0 plugins.
Preloading 0 native plugins for Editor in 0.00 ms.
Unloading 4 Unused Serialized files (Serialized files now loaded: 0)
Unloading 1 unused Assets / (9.6 KB). Loaded Objects now: 481.
Memory consumption went from 59.2 MB to 59.2 MB.
Total: 2.268900 ms (FindLiveObjects: 0.036000 ms CreateObjectMapping: 0.003300 ms MarkObjects: 2.215100 ms  DeleteObjects: 0.013500 ms)

Prepare: number of updated asset objects reloaded= 0
AssetImportParameters requested are different than current active one (requested -> active):
  custom:video-decoder-ogg-theora: a1e56fd34408186e4bbccfd4996cb3dc -> 
  custom:container-muxer-webm: aa71ff27fc2769a1b78a27578f13a17b -> 
  custom:container-demuxer-webm: 4f35f7cbe854078d1ac9338744f61a02 -> 
  custom:video-encoder-webm-vp8: eb34c28f22e8b96e1ab97ce403110664 -> 
  custom:video-codec-MediaFoundation-h265: 746d11721c4dcdbdad8f713fa42b33f4 -> 
  custom:CustomObjectIndexerAttribute: 6d391050e5a25f67b0a2c618074f2cd9 -> 
  custom:audio-encoder-webm-vorbis: bf7c407c2cedff20999df2af8eb42d56 -> 
  custom:framework-win-MediaFoundation: 216162199b28c13a410421893ffa2e32 -> 
  custom:SearchIndexIgnoredProperties: e643bd26f0fe6173181afceb89e7c659 -> 
  custom:container-demuxer-ogg: 62fdf1f143b41e24485cea50d1cbac27 -> 
  custom:video-decoder-webm-vp8: 9c59270c3fd7afecdb556c50c9e8de78 -> 
  custom:audio-decoder-ogg-vorbis: bf7c407c2cedff20999df2af8eb42d56 -> 
  custom:AudioImporter_EditorPlatform: d09bf68614088b80899f8185d706f6e7 -> 
========================================================================
Received Prepare
Begin MonoManager ReloadAssembly
- Loaded All Assemblies, in  0.227 seconds
Refreshing native plugins compatible for Editor in 0.00 ms, found 0 plugins.
Native extension for UWP target not found
Native extension for WindowsStandalone target not found
Mono: successfully reloaded assembly
- Finished resetting the current domain, in  0.329 seconds
Domain Reload Profiling: 554ms
	BeginReloadAssembly (154ms)
		ExecutionOrderSort (0ms)
		DisableScriptedObjects (6ms)
		BackupInstance (0ms)
		ReleaseScriptingObjects (0ms)
		CreateAndSetChildDomain (16ms)
	RebuildCommonClasses (32ms)
	RebuildNativeTypeToScriptingClass (10ms)
	initialDomainReloadingComplete (22ms)
	LoadAllAssembliesAndSetupDomain (8ms)
		LoadAssemblies (103ms)
		RebuildTransferFunctionScriptingTraits (0ms)
		AnalyzeDomain (6ms)
			TypeCache.Refresh (4ms)
				TypeCache.ScanAssembly (0ms)
			ScanForSourceGeneratedMonoScriptInfo (0ms)
			ResolveRequiredComponents (0ms)
	FinalizeReload (329ms)
		ReleaseScriptCaches (0ms)
		RebuildScriptCaches (0ms)
		SetupLoadedEditorAssemblies (207ms)
			LogAssemblyErrors (0ms)
			InitializePlatformSupportModulesInManaged (7ms)
			SetLoadedEditorAssemblies (6ms)
			RefreshPlugins (0ms)
			BeforeProcessingInitializeOnLoad (28ms)
			ProcessInitializeOnLoadAttributes (140ms)
			ProcessInitializeOnLoadMethodAttributes (20ms)
			AfterProcessingInitializeOnLoad (6ms)
			EditorAssembliesLoaded (0ms)
		ExecutionOrderSort2 (0ms)
		AwakeInstancesAfterBackupRestoration (6ms)
Refreshing native plugins compatible for Editor in 0.00 ms, found 0 plugins.
Preloading 0 native plugins for Editor in 0.00 ms.
Unloading 4 Unused Serialized files (Serialized files now loaded: 0)
Unloading 1 unused Assets / (9.7 KB). Loaded Objects now: 481.
Memory consumption went from 61.1 MB to 61.1 MB.
Total: 1.952200 ms (FindLiveObjects: 0.028800 ms CreateObjectMapping: 0.003400 ms MarkObjects: 1.903000 ms  DeleteObjects: 0.016300 ms)

Prepare: number of updated asset objects reloaded= 0
AssetImportParameters requested are different than current active one (requested -> active):
  custom:video-decoder-ogg-theora: a1e56fd34408186e4bbccfd4996cb3dc -> 
  custom:container-muxer-webm: aa71ff27fc2769a1b78a27578f13a17b -> 
  custom:container-demuxer-webm: 4f35f7cbe854078d1ac9338744f61a02 -> 
  custom:video-encoder-webm-vp8: eb34c28f22e8b96e1ab97ce403110664 -> 
  custom:video-codec-MediaFoundation-h265: 746d11721c4dcdbdad8f713fa42b33f4 -> 
  custom:CustomObjectIndexerAttribute: 6d391050e5a25f67b0a2c618074f2cd9 -> 
  custom:audio-encoder-webm-vorbis: bf7c407c2cedff20999df2af8eb42d56 -> 
  custom:framework-win-MediaFoundation: 216162199b28c13a410421893ffa2e32 -> 
  custom:SearchIndexIgnoredProperties: e643bd26f0fe6173181afceb89e7c659 -> 
  custom:container-demuxer-ogg: 62fdf1f143b41e24485cea50d1cbac27 -> 
  custom:video-decoder-webm-vp8: 9c59270c3fd7afecdb556c50c9e8de78 -> 
  custom:audio-decoder-ogg-vorbis: bf7c407c2cedff20999df2af8eb42d56 -> 
  custom:AudioImporter_EditorPlatform: d09bf68614088b80899f8185d706f6e7 -> 
========================================================================
Received Import Request.
  Time since last request: 333.116232 seconds.
  path: Assets/Class3th (Life Cycle)/Scripts/State.cs
  artifactKey: Guid(e69d670e8f03ca540ad79d00866cb05d) Importer(815301076,1909f56bfc062723c751e8b465ee728b)
Start importing Assets/Class3th (Life Cycle)/Scripts/State.cs using Guid(e69d670e8f03ca540ad79d00866cb05d) Importer(815301076,1909f56bfc062723c751e8b465ee728b)  -> (artifact id: '36d4f1785f9dd7aac824dfbd0e79ec8e') in 0.005482 seconds
Number of updated asset objects reloaded before import = 0
Number of asset objects unloaded after import = 0
========================================================================
Received Import Request.
  Time since last request: 441.218969 seconds.
  path: Assets
  artifactKey: Guid(00000000000000001000000000000000) Importer(815301076,1909f56bfc062723c751e8b465ee728b)
Start importing Assets using Guid(00000000000000001000000000000000) Importer(815301076,1909f56bfc062723c751e8b465ee728b)  -> (artifact id: '8a4fe85251aa2e89732c359432baa2c3') in 0.006405 seconds
Number of updated asset objects reloaded before import = 0
Number of asset objects unloaded after import = 0
========================================================================
Received Import Request.
  Time since last request: 14.419112 seconds.
  path: Assets/Class04th
  artifactKey: Guid(b33217ed5e1f03d48a7e1b422556ac1d) Importer(815301076,1909f56bfc062723c751e8b465ee728b)
Start importing Assets/Class04th using Guid(b33217ed5e1f03d48a7e1b422556ac1d) Importer(815301076,1909f56bfc062723c751e8b465ee728b)  -> (artifact id: 'c164ae7e4caede990acd445df623dfc5') in 0.000525 seconds
Number of updated asset objects reloaded before import = 0
Number of asset objects unloaded after import = 0
========================================================================
Received Import Request.
  Time since last request: 93.164611 seconds.
  path: Assets/Class04th/Scenes
  artifactKey: Guid(34123aebc6848dd4caf21726146c51fc) Importer(815301076,1909f56bfc062723c751e8b465ee728b)
Start importing Assets/Class04th/Scenes using Guid(34123aebc6848dd4caf21726146c51fc) Importer(815301076,1909f56bfc062723c751e8b465ee728b)  -> (artifact id: 'ab02f668d13c96f8d5e9c61bc79c93b4') in 0.000805 seconds
Number of updated asset objects reloaded before import = 0
Number of asset objects unloaded after import = 0
========================================================================
Received Import Request.
  Time since last request: 8.584603 seconds.
  path: Assets/Class04th/Scenes/New Scene.unity
  artifactKey: Guid(382d7a72ee32fbb4caebc807bb7e0e43) Importer(815301076,1909f56bfc062723c751e8b465ee728b)
Start importing Assets/Class04th/Scenes/New Scene.unity using Guid(382d7a72ee32fbb4caebc807bb7e0e43) Importer(815301076,1909f56bfc062723c751e8b465ee728b)  -> (artifact id: 'f6a393fa26f1d1e9a19eaf78e74ff91a') in 0.000438 seconds
Number of updated asset objects reloaded before import = 0
Number of asset objects unloaded after import = 0
========================================================================
Received Import Request.
  Time since last request: 1083.724677 seconds.
  path: Assets/Class04th/PolyRonin
  artifactKey: Guid(6055761c9e55b514f8b25e8be42ec86d) Importer(815301076,1909f56bfc062723c751e8b465ee728b)
Start importing Assets/Class04th/PolyRonin using Guid(6055761c9e55b514f8b25e8be42ec86d) Importer(815301076,1909f56bfc062723c751e8b465ee728b)  -> (artifact id: '05817e213e1d472b759b1480e9040ca8') in 0.001078 seconds
Number of updated asset objects reloaded before import = 0
Number of asset objects unloaded after import = 0
========================================================================
Received Import Request.
  Time since last request: 3.308311 seconds.
  path: Assets/Class04th/PolyRonin/Medieval Blacksmith Props
  artifactKey: Guid(4b7d209ccb762604bac264df66451b20) Importer(815301076,1909f56bfc062723c751e8b465ee728b)
Start importing Assets/Class04th/PolyRonin/Medieval Blacksmith Props using Guid(4b7d209ccb762604bac264df66451b20) Importer(815301076,1909f56bfc062723c751e8b465ee728b)  -> (artifact id: 'eba4cfe6f03cea165a7c49cfe79b4d2b') in 0.000633 seconds
Number of updated asset objects reloaded before import = 0
Number of asset objects unloaded after import = 0
========================================================================
Received Import Request.
  Time since last request: 74.442656 seconds.
  path: Assets/Class04th/PolyRonin/Medieval Blacksmith Props/Materials
  artifactKey: Guid(303929be4e49efe4a81b746b31ea7603) Importer(815301076,1909f56bfc062723c751e8b465ee728b)
Start importing Assets/Class04th/PolyRonin/Medieval Blacksmith Props/Materials using Guid(303929be4e49efe4a81b746b31ea7603) Importer(815301076,1909f56bfc062723c751e8b465ee728b)  -> (artifact id: '3dfb8d680494a9a16ef65c480e694b08') in 0.000982 seconds
Number of updated asset objects reloaded before import = 0
Number of asset objects unloaded after import = 0
========================================================================
Received Import Request.
  Time since last request: 0.113020 seconds.
  path: Assets/Class04th/PolyRonin/Medieval Blacksmith Props/Materials/Ground.mat
  artifactKey: Guid(845776ef79c0ca342906903daae9f2cd) Importer(815301076,1909f56bfc062723c751e8b465ee728b)
Start importing Assets/Class04th/PolyRonin/Medieval Blacksmith Props/Materials/Ground.mat using Guid(845776ef79c0ca342906903daae9f2cd) Importer(815301076,1909f56bfc062723c751e8b465ee728b)  -> (artifact id: '20b503cafff03eeed7dc00238c76979e') in 0.155018 seconds
Number of updated asset objects reloaded before import = 0
Number of asset objects unloaded after import = 1
========================================================================
Received Import Request.
  Time since last request: 4.187957 seconds.
  path: Assets/Class04th/PolyRonin/Medieval Blacksmith Props/Prefabs
  artifactKey: Guid(2004a235cc37dd14c855e7630e0b309c) Importer(815301076,1909f56bfc062723c751e8b465ee728b)
Start importing Assets/Class04th/PolyRonin/Medieval Blacksmith Props/Prefabs using Guid(2004a235cc37dd14c855e7630e0b309c) Importer(815301076,1909f56bfc062723c751e8b465ee728b)  -> (artifact id: 'c4397e707b536c164efda503e8c1ab1c') in 0.000579 seconds
Number of updated asset objects reloaded before import = 0
Number of asset objects unloaded after import = 0
========================================================================
Received Import Request.
  Time since last request: 0.053215 seconds.
  path: Assets/Class04th/PolyRonin/Medieval Blacksmith Props/Prefabs/Anvil1.prefab
  artifactKey: Guid(13f9a4439165aa940a06ef426118c6ea) Importer(815301076,1909f56bfc062723c751e8b465ee728b)
Start importing Assets/Class04th/PolyRonin/Medieval Blacksmith Props/Prefabs/Anvil1.prefab using Guid(13f9a4439165aa940a06ef426118c6ea) Importer(815301076,1909f56bfc062723c751e8b465ee728b)  -> (artifact id: 'e461dedebfe2b9804dd6bb4a84a08897') in 0.045865 seconds
Number of updated asset objects reloaded before import = 0
Number of asset objects unloaded after import = 9
========================================================================
Received Import Request.
  Time since last request: 0.000021 seconds.
  path: Assets/Class04th/PolyRonin/Medieval Blacksmith Props/Prefabs/Forge.prefab
  artifactKey: Guid(2036befdee419d742bc4b6e0375ab729) Importer(815301076,1909f56bfc062723c751e8b465ee728b)
Start importing Assets/Class04th/PolyRonin/Medieval Blacksmith Props/Prefabs/Forge.prefab using Guid(2036befdee419d742bc4b6e0375ab729) Importer(815301076,1909f56bfc062723c751e8b465ee728b)  -> (artifact id: '3b46b8872c6ab9e5b412805f32091049') in 0.026309 seconds
Number of updated asset objects reloaded before import = 0
Number of asset objects unloaded after import = 9
========================================================================
Received Import Request.
  Time since last request: 0.000030 seconds.
  path: Assets/Class04th/PolyRonin/Medieval Blacksmith Props/Prefabs/Barell.prefab
  artifactKey: Guid(be69703a44dae254481af1710a05cd16) Importer(815301076,1909f56bfc062723c751e8b465ee728b)
Start importing Assets/Class04th/PolyRonin/Medieval Blacksmith Props/Prefabs/Barell.prefab using Guid(be69703a44dae254481af1710a05cd16) Importer(815301076,1909f56bfc062723c751e8b465ee728b)  -> (artifact id: '6350e775fa08f8297f26bc4299c860a9') in 0.025405 seconds
Number of updated asset objects reloaded before import = 0
Number of asset objects unloaded after import = 9
========================================================================
Received Import Request.
  Time since last request: 0.000016 seconds.
  path: Assets/Class04th/PolyRonin/Medieval Blacksmith Props/Prefabs/Chair.prefab
  artifactKey: Guid(a24c18e50c828174eab773834b41a1b6) Importer(815301076,1909f56bfc062723c751e8b465ee728b)
Start importing Assets/Class04th/PolyRonin/Medieval Blacksmith Props/Prefabs/Chair.prefab using Guid(a24c18e50c828174eab773834b41a1b6) Importer(815301076,1909f56bfc062723c751e8b465ee728b)  -> (artifact id: '4102316ee5a557cb50ffa70c396f2c98') in 0.028110 seconds
Number of updated asset objects reloaded before import = 0
Number of asset objects unloaded after import = 9
========================================================================
Received Import Request.
  Time since last request: 0.000019 seconds.
  path: Assets/Class04th/PolyRonin/Medieval Blacksmith Props/Prefabs/Hammer2.prefab
  artifactKey: Guid(7f3141342396bfd44a3a19be86ab63f6) Importer(815301076,1909f56bfc062723c751e8b465ee728b)
Start importing Assets/Class04th/PolyRonin/Medieval Blacksmith Props/Prefabs/Hammer2.prefab using Guid(7f3141342396bfd44a3a19be86ab63f6) Importer(815301076,1909f56bfc062723c751e8b465ee728b)  -> (artifact id: 'bd953a889b3561d919e7ef56ea006973') in 0.024177 seconds
Number of updated asset objects reloaded before import = 0
Number of asset objects unloaded after import = 9
========================================================================
Received Import Request.
  Time since last request: 0.000018 seconds.
  path: Assets/Class04th/PolyRonin/Medieval Blacksmith Props/Prefabs/Hammer6.prefab
  artifactKey: Guid(704eaf4f8fce15040a41cab2c2f21ecf) Importer(815301076,1909f56bfc062723c751e8b465ee728b)
Start importing Assets/Class04th/PolyRonin/Medieval Blacksmith Props/Prefabs/Hammer6.prefab using Guid(704eaf4f8fce15040a41cab2c2f21ecf) Importer(815301076,1909f56bfc062723c751e8b465ee728b)  -> (artifact id: '91cd0ff2748154f9f43845fba7c8bf5a') in 0.026885 seconds
Number of updated asset objects reloaded before import = 0
Number of asset objects unloaded after import = 9
========================================================================
Received Import Request.
  Time since last request: 0.000018 seconds.
  path: Assets/Class04th/PolyRonin/Medieval Blacksmith Props/Prefabs/Sword1.prefab
  artifactKey: Guid(481b0ab2113a98c478bf7638391611e2) Importer(815301076,1909f56bfc062723c751e8b465ee728b)
Start importing Assets/Class04th/PolyRonin/Medieval Blacksmith Props/Prefabs/Sword1.prefab using Guid(481b0ab2113a98c478bf7638391611e2) Importer(815301076,1909f56bfc062723c751e8b465ee728b)  -> (artifact id: '3e90395872c4098500a7a6b8362f0b3b') in 0.024321 seconds
Number of updated asset objects reloaded before import = 0
Number of asset objects unloaded after import = 9
========================================================================
Received Import Request.
  Time since last request: 0.000013 seconds.
  path: Assets/Class04th/PolyRonin/Medieval Blacksmith Props/Prefabs/HotSemiSword.prefab
  artifactKey: Guid(e2856a7ae21dd96478a7eb8751c594ad) Importer(815301076,1909f56bfc062723c751e8b465ee728b)
Start importing Assets/Class04th/PolyRonin/Medieval Blacksmith Props/Prefabs/HotSemiSword.prefab using Guid(e2856a7ae21dd96478a7eb8751c594ad) Importer(815301076,1909f56bfc062723c751e8b465ee728b)  -> (artifact id: '23ad398a71b447658fdf1936971d4abe') in 0.022865 seconds
Number of updated asset objects reloaded before import = 0
Number of asset objects unloaded after import = 9
========================================================================
Received Import Request.
  Time since last request: 0.000018 seconds.
  path: Assets/Class04th/PolyRonin/Medieval Blacksmith Props/Prefabs/Hammer1.prefab
  artifactKey: Guid(3a29a837aed654f4d8e27b8e024be893) Importer(815301076,1909f56bfc062723c751e8b465ee728b)
Start importing Assets/Class04th/PolyRonin/Medieval Blacksmith Props/Prefabs/Hammer1.prefab using Guid(3a29a837aed654f4d8e27b8e024be893) Importer(815301076,1909f56bfc062723c751e8b465ee728b)  -> (artifact id: '59ddf27616a1d97895e5ae1553a23c13') in 0.025908 seconds
Number of updated asset objects reloaded before import = 0
Number of asset objects unloaded after import = 9
========================================================================
Received Import Request.
  Time since last request: 0.000014 seconds.
  path: Assets/Class04th/PolyRonin/Medieval Blacksmith Props/Prefabs/Hammer7.prefab
  artifactKey: Guid(6d185f832da5a2c40942db461dc63cb2) Importer(815301076,1909f56bfc062723c751e8b465ee728b)
Start importing Assets/Class04th/PolyRonin/Medieval Blacksmith Props/Prefabs/Hammer7.prefab using Guid(6d185f832da5a2c40942db461dc63cb2) Importer(815301076,1909f56bfc062723c751e8b465ee728b)  -> (artifact id: '47bc0e940a8a32f208b4b23a528caa8b') in 0.023179 seconds
Number of updated asset objects reloaded before import = 0
Number of asset objects unloaded after import = 9
========================================================================
Received Import Request.
  Time since last request: 0.000044 seconds.
  path: Assets/Class04th/PolyRonin/Medieval Blacksmith Props/Prefabs/Tongs2.prefab
  artifactKey: Guid(8bdef28e3d4816c468a59f5b00805aea) Importer(815301076,1909f56bfc062723c751e8b465ee728b)
Start importing Assets/Class04th/PolyRonin/Medieval Blacksmith Props/Prefabs/Tongs2.prefab using Guid(8bdef28e3d4816c468a59f5b00805aea) Importer(815301076,1909f56bfc062723c751e8b465ee728b)  -> (artifact id: 'f53fb783dfb708d17f080f60be1ae70e') in 0.024657 seconds
Number of updated asset objects reloaded before import = 0
Number of asset objects unloaded after import = 9
========================================================================
Received Import Request.
  Time since last request: 0.000021 seconds.
  path: Assets/Class04th/PolyRonin/Medieval Blacksmith Props/Prefabs/Tongs3.prefab
  artifactKey: Guid(f24db443c87e1084dbeb7dc594a6cd77) Importer(815301076,1909f56bfc062723c751e8b465ee728b)
Start importing Assets/Class04th/PolyRonin/Medieval Blacksmith Props/Prefabs/Tongs3.prefab using Guid(f24db443c87e1084dbeb7dc594a6cd77) Importer(815301076,1909f56bfc062723c751e8b465ee728b)  -> (artifact id: '63ae2721095c9c54bdc16c73fefb5c78') in 0.023778 seconds
Number of updated asset objects reloaded before import = 0
Number of asset objects unloaded after import = 9
========================================================================
Received Import Request.
  Time since last request: 0.000023 seconds.
  path: Assets/Class04th/PolyRonin/Medieval Blacksmith Props/Prefabs/Hammer4.prefab
  artifactKey: Guid(4ea884693f6b7e54193c27e5ef39596b) Importer(815301076,1909f56bfc062723c751e8b465ee728b)
Start importing Assets/Class04th/PolyRonin/Medieval Blacksmith Props/Prefabs/Hammer4.prefab using Guid(4ea884693f6b7e54193c27e5ef39596b) Importer(815301076,1909f56bfc062723c751e8b465ee728b)  -> (artifact id: '35cdb72b31c74367e5ed225b6a775f13') in 0.027878 seconds
Number of updated asset objects reloaded before import = 0
Number of asset objects unloaded after import = 9
========================================================================
Received Import Request.
  Time since last request: 0.000014 seconds.
  path: Assets/Class04th/PolyRonin/Medieval Blacksmith Props/Prefabs/Spear.prefab
  artifactKey: Guid(eabd2621dde43ca499f881bb4e6873b6) Importer(815301076,1909f56bfc062723c751e8b465ee728b)
Start importing Assets/Class04th/PolyRonin/Medieval Blacksmith Props/Prefabs/Spear.prefab using Guid(eabd2621dde43ca499f881bb4e6873b6) Importer(815301076,1909f56bfc062723c751e8b465ee728b)  -> (artifact id: 'b401f2a201dbe813bbd2703ebb0747e5') in 0.026436 seconds
Number of updated asset objects reloaded before import = 0
Number of asset objects unloaded after import = 9
