Using pre-set license
Built from '2022.3/release' branch; Version is '2022.3.20f1 (61c2feb0970d) revision 6406910'; Using compiler version '192829333'; Build Type 'Release'
OS: 'Windows 11  (10.0.26100) 64bit Core' Language: 'ko' Physical Memory: 24269 MB
BatchMode: 1, IsHumanControllingUs: 0, StartBugReporterOnCrash: 0, Is64bit: 1, IsPro: 1

COMMAND LINE ARGUMENTS:
C:\Program Files\Unity\Hub\Editor\2022.3.20f1\Editor\Unity.exe
-adb2
-batchMode
-noUpm
-name
AssetImportWorker2
-projectPath
D:/guswn3717/github/Test/250415Unity/Game
-logFile
Logs/AssetImportWorker2.log
-srvPort
52005
Successfully changed project path to: D:/guswn3717/github/Test/250415Unity/Game
D:/guswn3717/github/Test/250415Unity/Game
[UnityMemory] Configuration Parameters - Can be set up in boot.config
    "memorysetup-bucket-allocator-granularity=16"
    "memorysetup-bucket-allocator-bucket-count=8"
    "memorysetup-bucket-allocator-block-size=33554432"
    "memorysetup-bucket-allocator-block-count=8"
    "memorysetup-main-allocator-block-size=16777216"
    "memorysetup-thread-allocator-block-size=16777216"
    "memorysetup-gfx-main-allocator-block-size=16777216"
    "memorysetup-gfx-thread-allocator-block-size=16777216"
    "memorysetup-cache-allocator-block-size=4194304"
    "memorysetup-typetree-allocator-block-size=2097152"
    "memorysetup-profiler-bucket-allocator-granularity=16"
    "memorysetup-profiler-bucket-allocator-bucket-count=8"
    "memorysetup-profiler-bucket-allocator-block-size=33554432"
    "memorysetup-profiler-bucket-allocator-block-count=8"
    "memorysetup-profiler-allocator-block-size=16777216"
    "memorysetup-profiler-editor-allocator-block-size=1048576"
    "memorysetup-temp-allocator-size-main=16777216"
    "memorysetup-job-temp-allocator-block-size=2097152"
    "memorysetup-job-temp-allocator-block-size-background=1048576"
    "memorysetup-job-temp-allocator-reduction-small-platforms=262144"
    "memorysetup-allocator-temp-initial-block-size-main=262144"
    "memorysetup-allocator-temp-initial-block-size-worker=262144"
    "memorysetup-temp-allocator-size-background-worker=32768"
    "memorysetup-temp-allocator-size-job-worker=262144"
    "memorysetup-temp-allocator-size-preload-manager=33554432"
    "memorysetup-temp-allocator-size-nav-mesh-worker=65536"
    "memorysetup-temp-allocator-size-audio-worker=65536"
    "memorysetup-temp-allocator-size-cloud-worker=32768"
    "memorysetup-temp-allocator-size-gi-baking-worker=262144"
    "memorysetup-temp-allocator-size-gfx=262144"
Player connection [12052] Host "[IP] 25.21.177.50 [Port] 0 [Flags] 2 [Guid] 2125951262 [EditorId] 2125951262 [Version] 1048832 [Id] WindowsEditor(7,guswn3717) [Debug] 1 [PackageName] WindowsEditor [ProjectName] Editor" joined multi-casting on [225.0.0.222:54997]...

Player connection [12052] Host "[IP] 25.21.177.50 [Port] 0 [Flags] 2 [Guid] 2125951262 [EditorId] 2125951262 [Version] 1048832 [Id] WindowsEditor(7,guswn3717) [Debug] 1 [PackageName] WindowsEditor [ProjectName] Editor" joined alternative multi-casting on [225.0.0.222:34997]...

[Physics::Module] Initialized MultithreadedJobDispatcher with 23 workers.
Refreshing native plugins compatible for Editor in 0.00 ms, found 0 plugins.
Preloading 0 native plugins for Editor in 0.00 ms.
Initialize engine version: 2022.3.20f1 (61c2feb0970d)
[Subsystems] Discovering subsystems at path C:/Program Files/Unity/Hub/Editor/2022.3.20f1/Editor/Data/Resources/UnitySubsystems
[Subsystems] Discovering subsystems at path D:/guswn3717/github/Test/250415Unity/Game/Assets
GfxDevice: creating device client; threaded=0; jobified=0
Direct3D:
    Version:  Direct3D 11.0 [level 11.1]
    Renderer: NVIDIA GeForce RTX 4060 Laptop GPU (ID=0x28a0)
    Vendor:   NVIDIA
    VRAM:     7957 MB
    Driver:   32.0.15.6119
Initialize mono
Mono path[0] = 'C:/Program Files/Unity/Hub/Editor/2022.3.20f1/Editor/Data/Managed'
Mono path[1] = 'C:/Program Files/Unity/Hub/Editor/2022.3.20f1/Editor/Data/MonoBleedingEdge/lib/mono/unityjit-win32'
Mono config path = 'C:/Program Files/Unity/Hub/Editor/2022.3.20f1/Editor/Data/MonoBleedingEdge/etc'
Using monoOptions --debugger-agent=transport=dt_socket,embedding=1,server=y,suspend=n,address=127.0.0.1:56664
Begin MonoManager ReloadAssembly
Registering precompiled unity dll's ...
Register platform support module: C:/Program Files/Unity/Hub/Editor/2022.3.20f1/Editor/Data/PlaybackEngines/WindowsStandaloneSupport/UnityEditor.WindowsStandalone.Extensions.dll
Register platform support module: C:/Program Files/Unity/Hub/Editor/2022.3.20f1/Editor/Data/PlaybackEngines/MetroSupport/UnityEditor.UWP.Extensions.dll
Registered in 0.010942 seconds.
- Loaded All Assemblies, in  0.716 seconds
Native extension for UWP target not found
Native extension for WindowsStandalone target not found
Mono: successfully reloaded assembly
- Finished resetting the current domain, in  0.553 seconds
Domain Reload Profiling: 1268ms
	BeginReloadAssembly (239ms)
		ExecutionOrderSort (0ms)
		DisableScriptedObjects (0ms)
		BackupInstance (0ms)
		ReleaseScriptingObjects (0ms)
		CreateAndSetChildDomain (2ms)
	RebuildCommonClasses (107ms)
	RebuildNativeTypeToScriptingClass (20ms)
	initialDomainReloadingComplete (99ms)
	LoadAllAssembliesAndSetupDomain (249ms)
		LoadAssemblies (234ms)
		RebuildTransferFunctionScriptingTraits (0ms)
		AnalyzeDomain (246ms)
			TypeCache.Refresh (243ms)
				TypeCache.ScanAssembly (223ms)
			ScanForSourceGeneratedMonoScriptInfo (0ms)
			ResolveRequiredComponents (1ms)
	FinalizeReload (554ms)
		ReleaseScriptCaches (0ms)
		RebuildScriptCaches (0ms)
		SetupLoadedEditorAssemblies (419ms)
			LogAssemblyErrors (0ms)
			InitializePlatformSupportModulesInManaged (17ms)
			SetLoadedEditorAssemblies (16ms)
			RefreshPlugins (0ms)
			BeforeProcessingInitializeOnLoad (5ms)
			ProcessInitializeOnLoadAttributes (288ms)
			ProcessInitializeOnLoadMethodAttributes (92ms)
			AfterProcessingInitializeOnLoad (0ms)
			EditorAssembliesLoaded (0ms)
		ExecutionOrderSort2 (0ms)
		AwakeInstancesAfterBackupRestoration (0ms)
========================================================================
Worker process is ready to serve import requests
Begin MonoManager ReloadAssembly
- Loaded All Assemblies, in  0.484 seconds
Refreshing native plugins compatible for Editor in 0.00 ms, found 0 plugins.
Native extension for UWP target not found
Native extension for WindowsStandalone target not found
Mono: successfully reloaded assembly
- Finished resetting the current domain, in  0.667 seconds
Domain Reload Profiling: 1148ms
	BeginReloadAssembly (314ms)
		ExecutionOrderSort (0ms)
		DisableScriptedObjects (13ms)
		BackupInstance (0ms)
		ReleaseScriptingObjects (0ms)
		CreateAndSetChildDomain (38ms)
	RebuildCommonClasses (63ms)
	RebuildNativeTypeToScriptingClass (24ms)
	initialDomainReloadingComplete (58ms)
	LoadAllAssembliesAndSetupDomain (21ms)
		LoadAssemblies (193ms)
		RebuildTransferFunctionScriptingTraits (0ms)
		AnalyzeDomain (16ms)
			TypeCache.Refresh (11ms)
				TypeCache.ScanAssembly (0ms)
			ScanForSourceGeneratedMonoScriptInfo (1ms)
			ResolveRequiredComponents (1ms)
	FinalizeReload (668ms)
		ReleaseScriptCaches (0ms)
		RebuildScriptCaches (0ms)
		SetupLoadedEditorAssemblies (398ms)
			LogAssemblyErrors (0ms)
			InitializePlatformSupportModulesInManaged (13ms)
			SetLoadedEditorAssemblies (10ms)
			RefreshPlugins (0ms)
			BeforeProcessingInitializeOnLoad (48ms)
			ProcessInitializeOnLoadAttributes (287ms)
			ProcessInitializeOnLoadMethodAttributes (31ms)
			AfterProcessingInitializeOnLoad (10ms)
			EditorAssembliesLoaded (0ms)
		ExecutionOrderSort2 (0ms)
		AwakeInstancesAfterBackupRestoration (11ms)
Launched and connected shader compiler UnityShaderCompiler.exe after 0.13 seconds
Refreshing native plugins compatible for Editor in 0.00 ms, found 0 plugins.
Preloading 0 native plugins for Editor in 0.00 ms.
Unloading 11 Unused Serialized files (Serialized files now loaded: 0)
Unloading 3 unused Assets / (48.7 KB). Loaded Objects now: 485.
Memory consumption went from 54.4 MB to 54.4 MB.
Total: 6.067400 ms (FindLiveObjects: 0.085400 ms CreateObjectMapping: 0.010000 ms MarkObjects: 5.872200 ms  DeleteObjects: 0.097500 ms)

AssetImportParameters requested are different than current active one (requested -> active):
  custom:container-muxer-webm: aa71ff27fc2769a1b78a27578f13a17b -> 
  custom:video-decoder-ogg-theora: a1e56fd34408186e4bbccfd4996cb3dc -> 
  custom:container-demuxer-webm: 4f35f7cbe854078d1ac9338744f61a02 -> 
  custom:scripting/monoscript/fileName/Creature.cs: a805b403afcf67895565a40f3aac2411 -> 70de5c74fa2a988f608152e52d40d55d
  custom:scripting/monoscript/fileName/Battery.cs: 0b7cfc6a7c441861f394188487800501 -> 99d0e56ec10c43fc35e68d21c8b9fbf3
  custom:scripting/monoscript/fileName/Movement.cs: 1bc12bc9370e727baa54e145392501fb -> 
  custom:video-encoder-webm-vp8: eb34c28f22e8b96e1ab97ce403110664 -> 
  custom:video-codec-MediaFoundation-h265: 746d11721c4dcdbdad8f713fa42b33f4 -> 
  custom:CustomObjectIndexerAttribute: 6d391050e5a25f67b0a2c618074f2cd9 -> 
  custom:audio-encoder-webm-vorbis: bf7c407c2cedff20999df2af8eb42d56 -> 
  custom:scripting/monoscript/fileName/Sensor.cs: ce3f0ac65cf5c227ade9ec77e6127bdc -> 
  custom:scripting/monoscript/fileName/NewBehaviourScript.cs: b21687ddb03d73bd9f0c1daecb9714de -> 
  custom:framework-win-MediaFoundation: 216162199b28c13a410421893ffa2e32 -> 
  custom:SearchIndexIgnoredProperties: e643bd26f0fe6173181afceb89e7c659 -> 
  custom:container-demuxer-ogg: 62fdf1f143b41e24485cea50d1cbac27 -> 
  custom:video-decoder-webm-vp8: 9c59270c3fd7afecdb556c50c9e8de78 -> 
  custom:audio-decoder-ogg-vorbis: bf7c407c2cedff20999df2af8eb42d56 -> 
  custom:scripting/monoscript/fileName/State.cs: 3df06341b2ecfe0354e6e107b6219960 -> e2caa5465a317649d0ccb9c5bec1f708
  custom:scripting/monoscript/fileName/Ability.cs: c9e87aac7fd0c78e1ac3f834eae03b52 -> 5eed053f8ac20daf3c98b2278e4b2cb2
  custom:AudioImporter_EditorPlatform: d09bf68614088b80899f8185d706f6e7 -> 
  custom:scripting/monoscript/fileName/Stat.cs: b49a28b35f569adc27a1daca6ca9932e -> a450a2aad9de47523be6115e1450ba88
========================================================================
Received Import Request.
  Time since last request: 2973.849955 seconds.
  path: Assets/Clas10th (Instantiate & Destroy)/LowPolyWeapons_LITE/Prefabs/Rifle.prefab
  artifactKey: Guid(260ff1508afea5241b6511d8fbe92201) Importer(815301076,1909f56bfc062723c751e8b465ee728b)
Start importing Assets/Clas10th (Instantiate & Destroy)/LowPolyWeapons_LITE/Prefabs/Rifle.prefab using Guid(260ff1508afea5241b6511d8fbe92201) Importer(815301076,1909f56bfc062723c751e8b465ee728b)  -> (artifact id: 'f87144499c24fd0967d688ba7eb3a775') in 0.331455 seconds
Number of updated asset objects reloaded before import = 0
Number of asset objects unloaded after import = 48
========================================================================
Received Import Request.
  Time since last request: 18.067608 seconds.
  path: Assets/Clas10th (Instantiate & Destroy)/LowPolyWeapons_LITE/Prefabs/Knige.prefab
  artifactKey: Guid(c1ab9abedc9d80f4a9109fe99b4ea8d4) Importer(815301076,1909f56bfc062723c751e8b465ee728b)
Start importing Assets/Clas10th (Instantiate & Destroy)/LowPolyWeapons_LITE/Prefabs/Knige.prefab using Guid(c1ab9abedc9d80f4a9109fe99b4ea8d4) Importer(815301076,1909f56bfc062723c751e8b465ee728b)  -> (artifact id: 'a8dac629c2ec1ea596bfa7f282b2ea7c') in 0.016312 seconds
Number of updated asset objects reloaded before import = 0
Number of asset objects unloaded after import = 10
========================================================================
Received Import Request.
  Time since last request: 5.204784 seconds.
  path: Assets/Clas10th (Instantiate & Destroy)/LowPolyWeapons_LITE/Prefabs/Knife.prefab
  artifactKey: Guid(c1ab9abedc9d80f4a9109fe99b4ea8d4) Importer(815301076,1909f56bfc062723c751e8b465ee728b)
Start importing Assets/Clas10th (Instantiate & Destroy)/LowPolyWeapons_LITE/Prefabs/Knife.prefab using Guid(c1ab9abedc9d80f4a9109fe99b4ea8d4) Importer(815301076,1909f56bfc062723c751e8b465ee728b)  -> (artifact id: '89c10f9188f097cb3872811163a6dfb2') in 0.012106 seconds
Number of updated asset objects reloaded before import = 0
Number of asset objects unloaded after import = 10
========================================================================
Received Import Request.
  Time since last request: 6.431842 seconds.
  path: Assets/Clas10th (Instantiate & Destroy)/LowPolyWeapons_LITE/Prefabs/Re.prefab
  artifactKey: Guid(a35b8c32acba1334b9b31dfe8cdbc9be) Importer(815301076,1909f56bfc062723c751e8b465ee728b)
Start importing Assets/Clas10th (Instantiate & Destroy)/LowPolyWeapons_LITE/Prefabs/Re.prefab using Guid(a35b8c32acba1334b9b31dfe8cdbc9be) Importer(815301076,1909f56bfc062723c751e8b465ee728b)  -> (artifact id: 'e8fb905bf0f24019a1a5aa9bd0073559') in 0.018640 seconds
Number of updated asset objects reloaded before import = 0
Number of asset objects unloaded after import = 30
========================================================================
Received Import Request.
  Time since last request: 17.594392 seconds.
  path: Assets/Clas10th (Instantiate & Destroy)/LowPolyWeapons_LITE/Prefabs/Revolver.prefab
  artifactKey: Guid(a35b8c32acba1334b9b31dfe8cdbc9be) Importer(815301076,1909f56bfc062723c751e8b465ee728b)
Start importing Assets/Clas10th (Instantiate & Destroy)/LowPolyWeapons_LITE/Prefabs/Revolver.prefab using Guid(a35b8c32acba1334b9b31dfe8cdbc9be) Importer(815301076,1909f56bfc062723c751e8b465ee728b)  -> (artifact id: 'd09a9ba7d58ca12da4c8dc01537e38e7') in 0.017235 seconds
Number of updated asset objects reloaded before import = 0
Number of asset objects unloaded after import = 30
========================================================================
Received Import Request.
  Time since last request: 1265.707462 seconds.
  path: Assets/Clas10th (Instantiate & Destroy)/LowPolyWeapons_LITE/Prefabs/Rifle.prefab
  artifactKey: Guid(260ff1508afea5241b6511d8fbe92201) Importer(815301076,1909f56bfc062723c751e8b465ee728b)
Start importing Assets/Clas10th (Instantiate & Destroy)/LowPolyWeapons_LITE/Prefabs/Rifle.prefab using Guid(260ff1508afea5241b6511d8fbe92201) Importer(815301076,1909f56bfc062723c751e8b465ee728b)  -> (artifact id: 'd37af5bd08114557440e848c634aee86') in 0.021167 seconds
Number of updated asset objects reloaded before import = 0
Number of asset objects unloaded after import = 48
========================================================================
Received Import Request.
  Time since last request: 4.547537 seconds.
  path: Assets/Clas10th (Instantiate & Destroy)/LowPolyWeapons_LITE/Prefabs/Rifle.prefab
  artifactKey: Guid(260ff1508afea5241b6511d8fbe92201) Importer(815301076,1909f56bfc062723c751e8b465ee728b)
Start importing Assets/Clas10th (Instantiate & Destroy)/LowPolyWeapons_LITE/Prefabs/Rifle.prefab using Guid(260ff1508afea5241b6511d8fbe92201) Importer(815301076,1909f56bfc062723c751e8b465ee728b)  -> (artifact id: '312760f8bd2cd344f06a05b37c5253a4') in 0.016242 seconds
Number of updated asset objects reloaded before import = 0
Number of asset objects unloaded after import = 48
========================================================================
Received Import Request.
  Time since last request: 3.287362 seconds.
  path: Assets/Clas10th (Instantiate & Destroy)/LowPolyWeapons_LITE/Prefabs/Rifle.prefab
  artifactKey: Guid(260ff1508afea5241b6511d8fbe92201) Importer(815301076,1909f56bfc062723c751e8b465ee728b)
Start importing Assets/Clas10th (Instantiate & Destroy)/LowPolyWeapons_LITE/Prefabs/Rifle.prefab using Guid(260ff1508afea5241b6511d8fbe92201) Importer(815301076,1909f56bfc062723c751e8b465ee728b)  -> (artifact id: '5651963cc48da85cb2fca4c93091e542') in 0.013621 seconds
Number of updated asset objects reloaded before import = 0
Number of asset objects unloaded after import = 48
========================================================================
Received Import Request.
  Time since last request: 6.204837 seconds.
  path: Assets/Clas10th (Instantiate & Destroy)/LowPolyWeapons_LITE/Prefabs/Rifle.prefab
  artifactKey: Guid(260ff1508afea5241b6511d8fbe92201) Importer(815301076,1909f56bfc062723c751e8b465ee728b)
Start importing Assets/Clas10th (Instantiate & Destroy)/LowPolyWeapons_LITE/Prefabs/Rifle.prefab using Guid(260ff1508afea5241b6511d8fbe92201) Importer(815301076,1909f56bfc062723c751e8b465ee728b)  -> (artifact id: 'c24f11a70d92c0e3651bce27243d9fe6') in 0.023256 seconds
Number of updated asset objects reloaded before import = 0
Number of asset objects unloaded after import = 48
========================================================================
Received Import Request.
  Time since last request: 260.041655 seconds.
  path: Assets/Clas10th (Instantiate & Destroy)/LowPolyWeapons_LITE/Prefabs/Knife.prefab
  artifactKey: Guid(c1ab9abedc9d80f4a9109fe99b4ea8d4) Importer(815301076,1909f56bfc062723c751e8b465ee728b)
Start importing Assets/Clas10th (Instantiate & Destroy)/LowPolyWeapons_LITE/Prefabs/Knife.prefab using Guid(c1ab9abedc9d80f4a9109fe99b4ea8d4) Importer(815301076,1909f56bfc062723c751e8b465ee728b)  -> (artifact id: '31725a69875148bf24079eab0af3e9c4') in 0.016476 seconds
Number of updated asset objects reloaded before import = 0
Number of asset objects unloaded after import = 10
========================================================================
Received Import Request.
  Time since last request: 3.805557 seconds.
  path: Assets/Clas10th (Instantiate & Destroy)/LowPolyWeapons_LITE/Prefabs/Knife.prefab
  artifactKey: Guid(c1ab9abedc9d80f4a9109fe99b4ea8d4) Importer(815301076,1909f56bfc062723c751e8b465ee728b)
Start importing Assets/Clas10th (Instantiate & Destroy)/LowPolyWeapons_LITE/Prefabs/Knife.prefab using Guid(c1ab9abedc9d80f4a9109fe99b4ea8d4) Importer(815301076,1909f56bfc062723c751e8b465ee728b)  -> (artifact id: '31c2b7aadd606df3a7ecc721ebacfef4') in 0.017256 seconds
Number of updated asset objects reloaded before import = 0
Number of asset objects unloaded after import = 10
========================================================================
Received Import Request.
  Time since last request: 2.246398 seconds.
  path: Assets/Clas10th (Instantiate & Destroy)/LowPolyWeapons_LITE/Prefabs/Knife.prefab
  artifactKey: Guid(c1ab9abedc9d80f4a9109fe99b4ea8d4) Importer(815301076,1909f56bfc062723c751e8b465ee728b)
Start importing Assets/Clas10th (Instantiate & Destroy)/LowPolyWeapons_LITE/Prefabs/Knife.prefab using Guid(c1ab9abedc9d80f4a9109fe99b4ea8d4) Importer(815301076,1909f56bfc062723c751e8b465ee728b)  -> (artifact id: '75088bfc16239d9c5d957b590ad4a37b') in 0.016373 seconds
Number of updated asset objects reloaded before import = 0
Number of asset objects unloaded after import = 10
========================================================================
Received Import Request.
  Time since last request: 3.443404 seconds.
  path: Assets/Clas10th (Instantiate & Destroy)/LowPolyWeapons_LITE/Prefabs/Knife.prefab
  artifactKey: Guid(c1ab9abedc9d80f4a9109fe99b4ea8d4) Importer(815301076,1909f56bfc062723c751e8b465ee728b)
Start importing Assets/Clas10th (Instantiate & Destroy)/LowPolyWeapons_LITE/Prefabs/Knife.prefab using Guid(c1ab9abedc9d80f4a9109fe99b4ea8d4) Importer(815301076,1909f56bfc062723c751e8b465ee728b)  -> (artifact id: '55350596573cd109ad3908ff314afec4') in 0.015746 seconds
Number of updated asset objects reloaded before import = 0
Number of asset objects unloaded after import = 10
========================================================================
Received Import Request.
  Time since last request: 2.657307 seconds.
  path: Assets/Clas10th (Instantiate & Destroy)/LowPolyWeapons_LITE/Prefabs/Knife.prefab
  artifactKey: Guid(c1ab9abedc9d80f4a9109fe99b4ea8d4) Importer(815301076,1909f56bfc062723c751e8b465ee728b)
Start importing Assets/Clas10th (Instantiate & Destroy)/LowPolyWeapons_LITE/Prefabs/Knife.prefab using Guid(c1ab9abedc9d80f4a9109fe99b4ea8d4) Importer(815301076,1909f56bfc062723c751e8b465ee728b)  -> (artifact id: '25cf61a5fcb4a52e6391b0d3da7ebae1') in 0.017077 seconds
Number of updated asset objects reloaded before import = 0
Number of asset objects unloaded after import = 10
========================================================================
Received Import Request.
  Time since last request: 4.694750 seconds.
  path: Assets/Clas10th (Instantiate & Destroy)/LowPolyWeapons_LITE/Prefabs/Knife.prefab
  artifactKey: Guid(c1ab9abedc9d80f4a9109fe99b4ea8d4) Importer(815301076,1909f56bfc062723c751e8b465ee728b)
Start importing Assets/Clas10th (Instantiate & Destroy)/LowPolyWeapons_LITE/Prefabs/Knife.prefab using Guid(c1ab9abedc9d80f4a9109fe99b4ea8d4) Importer(815301076,1909f56bfc062723c751e8b465ee728b)  -> (artifact id: 'dc763555069366efae1b154818bd8cf1') in 0.017091 seconds
Number of updated asset objects reloaded before import = 0
Number of asset objects unloaded after import = 10
========================================================================
Received Import Request.
  Time since last request: 130.127407 seconds.
  path: Assets/Clas10th (Instantiate & Destroy)/LowPolyWeapons_LITE/Prefabs/Revolver.prefab
  artifactKey: Guid(a35b8c32acba1334b9b31dfe8cdbc9be) Importer(815301076,1909f56bfc062723c751e8b465ee728b)
Start importing Assets/Clas10th (Instantiate & Destroy)/LowPolyWeapons_LITE/Prefabs/Revolver.prefab using Guid(a35b8c32acba1334b9b31dfe8cdbc9be) Importer(815301076,1909f56bfc062723c751e8b465ee728b)  -> (artifact id: 'e44b7b398319627ce8b20f7c42e5d8d3') in 0.019537 seconds
Number of updated asset objects reloaded before import = 0
Number of asset objects unloaded after import = 30
========================================================================
Received Import Request.
  Time since last request: 2.873007 seconds.
  path: Assets/Clas10th (Instantiate & Destroy)/LowPolyWeapons_LITE/Prefabs/Revolver.prefab
  artifactKey: Guid(a35b8c32acba1334b9b31dfe8cdbc9be) Importer(815301076,1909f56bfc062723c751e8b465ee728b)
Start importing Assets/Clas10th (Instantiate & Destroy)/LowPolyWeapons_LITE/Prefabs/Revolver.prefab using Guid(a35b8c32acba1334b9b31dfe8cdbc9be) Importer(815301076,1909f56bfc062723c751e8b465ee728b)  -> (artifact id: '07f8fb4000c585f43c1486c53c8314fb') in 0.016976 seconds
Number of updated asset objects reloaded before import = 0
Number of asset objects unloaded after import = 30
========================================================================
Received Import Request.
  Time since last request: 3.558841 seconds.
  path: Assets/Clas10th (Instantiate & Destroy)/LowPolyWeapons_LITE/Prefabs/Revolver.prefab
  artifactKey: Guid(a35b8c32acba1334b9b31dfe8cdbc9be) Importer(815301076,1909f56bfc062723c751e8b465ee728b)
Start importing Assets/Clas10th (Instantiate & Destroy)/LowPolyWeapons_LITE/Prefabs/Revolver.prefab using Guid(a35b8c32acba1334b9b31dfe8cdbc9be) Importer(815301076,1909f56bfc062723c751e8b465ee728b)  -> (artifact id: 'eeed96929e84c7fa2a068fd7479a5cf8') in 0.014936 seconds
Number of updated asset objects reloaded before import = 0
Number of asset objects unloaded after import = 30
========================================================================
Received Import Request.
  Time since last request: 2.689881 seconds.
  path: Assets/Clas10th (Instantiate & Destroy)/LowPolyWeapons_LITE/Prefabs/Revolver.prefab
  artifactKey: Guid(a35b8c32acba1334b9b31dfe8cdbc9be) Importer(815301076,1909f56bfc062723c751e8b465ee728b)
Start importing Assets/Clas10th (Instantiate & Destroy)/LowPolyWeapons_LITE/Prefabs/Revolver.prefab using Guid(a35b8c32acba1334b9b31dfe8cdbc9be) Importer(815301076,1909f56bfc062723c751e8b465ee728b)  -> (artifact id: 'a074c4450c5ed60274ef32613e7cde1d') in 0.017050 seconds
Number of updated asset objects reloaded before import = 0
Number of asset objects unloaded after import = 30
========================================================================
Received Import Request.
  Time since last request: 75.294776 seconds.
  path: Assets/Clas10th (Instantiate & Destroy)/Scripts/WeaponManager.cs
  artifactKey: Guid(41fb0cc9d1a0a1d4db8dff8a524dd692) Importer(815301076,1909f56bfc062723c751e8b465ee728b)
Start importing Assets/Clas10th (Instantiate & Destroy)/Scripts/WeaponManager.cs using Guid(41fb0cc9d1a0a1d4db8dff8a524dd692) Importer(815301076,1909f56bfc062723c751e8b465ee728b)  -> (artifact id: '9508de0c78d9e27c83c5bebe9e9b3040') in 0.001358 seconds
Number of updated asset objects reloaded before import = 0
Number of asset objects unloaded after import = 0
========================================================================
Received Prepare
Begin MonoManager ReloadAssembly
- Loaded All Assemblies, in  0.329 seconds
Refreshing native plugins compatible for Editor in 0.00 ms, found 0 plugins.
Native extension for UWP target not found
Native extension for WindowsStandalone target not found
Mono: successfully reloaded assembly
- Finished resetting the current domain, in  0.518 seconds
Domain Reload Profiling: 845ms
	BeginReloadAssembly (211ms)
		ExecutionOrderSort (0ms)
		DisableScriptedObjects (7ms)
		BackupInstance (0ms)
		ReleaseScriptingObjects (0ms)
		CreateAndSetChildDomain (22ms)
	RebuildCommonClasses (54ms)
	RebuildNativeTypeToScriptingClass (14ms)
	initialDomainReloadingComplete (34ms)
	LoadAllAssembliesAndSetupDomain (13ms)
		LoadAssemblies (146ms)
		RebuildTransferFunctionScriptingTraits (0ms)
		AnalyzeDomain (9ms)
			TypeCache.Refresh (6ms)
				TypeCache.ScanAssembly (0ms)
			ScanForSourceGeneratedMonoScriptInfo (1ms)
			ResolveRequiredComponents (1ms)
	FinalizeReload (518ms)
		ReleaseScriptCaches (0ms)
		RebuildScriptCaches (0ms)
		SetupLoadedEditorAssemblies (327ms)
			LogAssemblyErrors (0ms)
			InitializePlatformSupportModulesInManaged (12ms)
			SetLoadedEditorAssemblies (9ms)
			RefreshPlugins (0ms)
			BeforeProcessingInitializeOnLoad (39ms)
			ProcessInitializeOnLoadAttributes (225ms)
			ProcessInitializeOnLoadMethodAttributes (34ms)
			AfterProcessingInitializeOnLoad (9ms)
			EditorAssembliesLoaded (0ms)
		ExecutionOrderSort2 (0ms)
		AwakeInstancesAfterBackupRestoration (10ms)
Refreshing native plugins compatible for Editor in 0.00 ms, found 0 plugins.
Preloading 0 native plugins for Editor in 0.00 ms.
Unloading 6 Unused Serialized files (Serialized files now loaded: 0)
Unloading 1 unused Assets / (14.1 KB). Loaded Objects now: 494.
Memory consumption went from 59.6 MB to 59.6 MB.
Total: 3.369800 ms (FindLiveObjects: 0.105100 ms CreateObjectMapping: 0.009200 ms MarkObjects: 3.213400 ms  DeleteObjects: 0.039700 ms)

Prepare: number of updated asset objects reloaded= 0
AssetImportParameters requested are different than current active one (requested -> active):
  custom:container-muxer-webm: aa71ff27fc2769a1b78a27578f13a17b -> 
  custom:video-encoder-webm-vp8: eb34c28f22e8b96e1ab97ce403110664 -> 
  custom:video-codec-MediaFoundation-h265: 746d11721c4dcdbdad8f713fa42b33f4 -> 
  custom:audio-encoder-webm-vorbis: bf7c407c2cedff20999df2af8eb42d56 -> 
  custom:scripting/monoscript/fileName/NewBehaviourScript.cs: b21687ddb03d73bd9f0c1daecb9714de -> 
  custom:container-demuxer-ogg: 62fdf1f143b41e24485cea50d1cbac27 -> 
  custom:video-decoder-webm-vp8: 9c59270c3fd7afecdb556c50c9e8de78 -> 
  custom:audio-decoder-ogg-vorbis: bf7c407c2cedff20999df2af8eb42d56 -> 
  custom:scripting/monoscript/fileName/Ability.cs: c9e87aac7fd0c78e1ac3f834eae03b52 -> 5eed053f8ac20daf3c98b2278e4b2cb2
  custom:AudioImporter_EditorPlatform: d09bf68614088b80899f8185d706f6e7 -> 
  custom:video-decoder-ogg-theora: a1e56fd34408186e4bbccfd4996cb3dc -> 
  custom:scripting/monoscript/fileName/Creature.cs: a805b403afcf67895565a40f3aac2411 -> 70de5c74fa2a988f608152e52d40d55d
  custom:container-demuxer-webm: 4f35f7cbe854078d1ac9338744f61a02 -> 
  custom:scripting/monoscript/fileName/Battery.cs: 0b7cfc6a7c441861f394188487800501 -> 99d0e56ec10c43fc35e68d21c8b9fbf3
  custom:scripting/monoscript/fileName/Movement.cs: 1bc12bc9370e727baa54e145392501fb -> 
  custom:CustomObjectIndexerAttribute: 6d391050e5a25f67b0a2c618074f2cd9 -> 
  custom:scripting/monoscript/fileName/Sensor.cs: ce3f0ac65cf5c227ade9ec77e6127bdc -> 
  custom:framework-win-MediaFoundation: 216162199b28c13a410421893ffa2e32 -> 
  custom:SearchIndexIgnoredProperties: e643bd26f0fe6173181afceb89e7c659 -> 
  custom:scripting/monoscript/fileName/State.cs: 3df06341b2ecfe0354e6e107b6219960 -> e2caa5465a317649d0ccb9c5bec1f708
  custom:scripting/monoscript/fileName/Stat.cs: b49a28b35f569adc27a1daca6ca9932e -> a450a2aad9de47523be6115e1450ba88
========================================================================
Received Import Request.
  Time since last request: 6.569375 seconds.
  path: Assets/Clas10th (Instantiate & Destroy)/Scripts/WeaponManager.cs
  artifactKey: Guid(41fb0cc9d1a0a1d4db8dff8a524dd692) Importer(815301076,1909f56bfc062723c751e8b465ee728b)
Start importing Assets/Clas10th (Instantiate & Destroy)/Scripts/WeaponManager.cs using Guid(41fb0cc9d1a0a1d4db8dff8a524dd692) Importer(815301076,1909f56bfc062723c751e8b465ee728b)  -> (artifact id: '25fc93164e1a2b888ecd56278fca9867') in 0.003719 seconds
Number of updated asset objects reloaded before import = 0
Number of asset objects unloaded after import = 0
========================================================================
Received Import Request.
  Time since last request: 262.327110 seconds.
  path: Assets/Clas10th (Instantiate & Destroy)/Scripts/WeaponManager.cs
  artifactKey: Guid(41fb0cc9d1a0a1d4db8dff8a524dd692) Importer(815301076,1909f56bfc062723c751e8b465ee728b)
Start importing Assets/Clas10th (Instantiate & Destroy)/Scripts/WeaponManager.cs using Guid(41fb0cc9d1a0a1d4db8dff8a524dd692) Importer(815301076,1909f56bfc062723c751e8b465ee728b)  -> (artifact id: 'bce6c92bcf3b704deb5fc752bbc57d83') in 0.001895 seconds
Number of updated asset objects reloaded before import = 0
Number of asset objects unloaded after import = 0
========================================================================
Received Prepare
Begin MonoManager ReloadAssembly
- Loaded All Assemblies, in  0.625 seconds
Refreshing native plugins compatible for Editor in 0.00 ms, found 0 plugins.
Native extension for UWP target not found
Native extension for WindowsStandalone target not found
Mono: successfully reloaded assembly
- Finished resetting the current domain, in  1.147 seconds
Domain Reload Profiling: 1767ms
	BeginReloadAssembly (379ms)
		ExecutionOrderSort (0ms)
		DisableScriptedObjects (16ms)
		BackupInstance (0ms)
		ReleaseScriptingObjects (0ms)
		CreateAndSetChildDomain (38ms)
	RebuildCommonClasses (105ms)
	RebuildNativeTypeToScriptingClass (34ms)
	initialDomainReloadingComplete (75ms)
	LoadAllAssembliesAndSetupDomain (25ms)
		LoadAssemblies (262ms)
		RebuildTransferFunctionScriptingTraits (0ms)
		AnalyzeDomain (17ms)
			TypeCache.Refresh (11ms)
				TypeCache.ScanAssembly (0ms)
			ScanForSourceGeneratedMonoScriptInfo (2ms)
			ResolveRequiredComponents (2ms)
	FinalizeReload (1148ms)
		ReleaseScriptCaches (0ms)
		RebuildScriptCaches (0ms)
		SetupLoadedEditorAssemblies (753ms)
			LogAssemblyErrors (0ms)
			InitializePlatformSupportModulesInManaged (27ms)
			SetLoadedEditorAssemblies (19ms)
			RefreshPlugins (0ms)
			BeforeProcessingInitializeOnLoad (123ms)
			ProcessInitializeOnLoadAttributes (494ms)
			ProcessInitializeOnLoadMethodAttributes (60ms)
			AfterProcessingInitializeOnLoad (29ms)
			EditorAssembliesLoaded (0ms)
		ExecutionOrderSort2 (0ms)
		AwakeInstancesAfterBackupRestoration (21ms)
Refreshing native plugins compatible for Editor in 0.00 ms, found 0 plugins.
Preloading 0 native plugins for Editor in 0.00 ms.
Unloading 6 Unused Serialized files (Serialized files now loaded: 0)
Unloading 1 unused Assets / (14.0 KB). Loaded Objects now: 494.
Memory consumption went from 61.5 MB to 61.5 MB.
Total: 3.256400 ms (FindLiveObjects: 0.057000 ms CreateObjectMapping: 0.005500 ms MarkObjects: 3.172300 ms  DeleteObjects: 0.020400 ms)

Prepare: number of updated asset objects reloaded= 0
AssetImportParameters requested are different than current active one (requested -> active):
  custom:container-muxer-webm: aa71ff27fc2769a1b78a27578f13a17b -> 
  custom:video-encoder-webm-vp8: eb34c28f22e8b96e1ab97ce403110664 -> 
  custom:video-codec-MediaFoundation-h265: 746d11721c4dcdbdad8f713fa42b33f4 -> 
  custom:audio-encoder-webm-vorbis: bf7c407c2cedff20999df2af8eb42d56 -> 
  custom:scripting/monoscript/fileName/NewBehaviourScript.cs: b21687ddb03d73bd9f0c1daecb9714de -> 
  custom:container-demuxer-ogg: 62fdf1f143b41e24485cea50d1cbac27 -> 
  custom:video-decoder-webm-vp8: 9c59270c3fd7afecdb556c50c9e8de78 -> 
  custom:audio-decoder-ogg-vorbis: bf7c407c2cedff20999df2af8eb42d56 -> 
  custom:scripting/monoscript/fileName/Ability.cs: c9e87aac7fd0c78e1ac3f834eae03b52 -> 5eed053f8ac20daf3c98b2278e4b2cb2
  custom:AudioImporter_EditorPlatform: d09bf68614088b80899f8185d706f6e7 -> 
  custom:video-decoder-ogg-theora: a1e56fd34408186e4bbccfd4996cb3dc -> 
  custom:scripting/monoscript/fileName/Creature.cs: a805b403afcf67895565a40f3aac2411 -> 70de5c74fa2a988f608152e52d40d55d
  custom:container-demuxer-webm: 4f35f7cbe854078d1ac9338744f61a02 -> 
  custom:scripting/monoscript/fileName/Battery.cs: 0b7cfc6a7c441861f394188487800501 -> 99d0e56ec10c43fc35e68d21c8b9fbf3
  custom:scripting/monoscript/fileName/Movement.cs: 1bc12bc9370e727baa54e145392501fb -> 
  custom:CustomObjectIndexerAttribute: 6d391050e5a25f67b0a2c618074f2cd9 -> 
  custom:scripting/monoscript/fileName/Sensor.cs: ce3f0ac65cf5c227ade9ec77e6127bdc -> 
  custom:framework-win-MediaFoundation: 216162199b28c13a410421893ffa2e32 -> 
  custom:SearchIndexIgnoredProperties: e643bd26f0fe6173181afceb89e7c659 -> 
  custom:scripting/monoscript/fileName/State.cs: 3df06341b2ecfe0354e6e107b6219960 -> e2caa5465a317649d0ccb9c5bec1f708
  custom:scripting/monoscript/fileName/Stat.cs: b49a28b35f569adc27a1daca6ca9932e -> a450a2aad9de47523be6115e1450ba88
========================================================================
Received Import Request.
  Time since last request: 304.146171 seconds.
  path: Assets/Clas10th (Instantiate & Destroy)/Scripts/WeaponManager.cs
  artifactKey: Guid(41fb0cc9d1a0a1d4db8dff8a524dd692) Importer(815301076,1909f56bfc062723c751e8b465ee728b)
Start importing Assets/Clas10th (Instantiate & Destroy)/Scripts/WeaponManager.cs using Guid(41fb0cc9d1a0a1d4db8dff8a524dd692) Importer(815301076,1909f56bfc062723c751e8b465ee728b)  -> (artifact id: '05b50420770fbb17d3574a0299bcfbe9') in 0.003431 seconds
Number of updated asset objects reloaded before import = 0
Number of asset objects unloaded after import = 0
========================================================================
Received Import Request.
  Time since last request: 86.266076 seconds.
  path: Assets/Clas10th (Instantiate & Destroy)/Scripts/WeaponManager.cs
  artifactKey: Guid(41fb0cc9d1a0a1d4db8dff8a524dd692) Importer(815301076,1909f56bfc062723c751e8b465ee728b)
Start importing Assets/Clas10th (Instantiate & Destroy)/Scripts/WeaponManager.cs using Guid(41fb0cc9d1a0a1d4db8dff8a524dd692) Importer(815301076,1909f56bfc062723c751e8b465ee728b)  -> (artifact id: '38d6228564cfc7b6042dab4090aa7f78') in 0.001104 seconds
Number of updated asset objects reloaded before import = 0
Number of asset objects unloaded after import = 0
========================================================================
Received Import Request.
  Time since last request: 324.969099 seconds.
  path: Assets/Clas10th (Instantiate & Destroy)/Scripts/WeaponManager.cs
  artifactKey: Guid(41fb0cc9d1a0a1d4db8dff8a524dd692) Importer(815301076,1909f56bfc062723c751e8b465ee728b)
Start importing Assets/Clas10th (Instantiate & Destroy)/Scripts/WeaponManager.cs using Guid(41fb0cc9d1a0a1d4db8dff8a524dd692) Importer(815301076,1909f56bfc062723c751e8b465ee728b)  -> (artifact id: '3fd7bf293214902c8d51cfddb7034461') in 0.001153 seconds
Number of updated asset objects reloaded before import = 0
Number of asset objects unloaded after import = 0
========================================================================
Received Prepare
Begin MonoManager ReloadAssembly
- Loaded All Assemblies, in  0.295 seconds
Refreshing native plugins compatible for Editor in 0.00 ms, found 0 plugins.
Native extension for UWP target not found
Native extension for WindowsStandalone target not found
Mono: successfully reloaded assembly
- Finished resetting the current domain, in  0.524 seconds
Domain Reload Profiling: 817ms
	BeginReloadAssembly (186ms)
		ExecutionOrderSort (0ms)
		DisableScriptedObjects (8ms)
		BackupInstance (0ms)
		ReleaseScriptingObjects (0ms)
		CreateAndSetChildDomain (22ms)
	RebuildCommonClasses (47ms)
	RebuildNativeTypeToScriptingClass (14ms)
	initialDomainReloadingComplete (33ms)
	LoadAllAssembliesAndSetupDomain (13ms)
		LoadAssemblies (121ms)
		RebuildTransferFunctionScriptingTraits (0ms)
		AnalyzeDomain (9ms)
			TypeCache.Refresh (6ms)
				TypeCache.ScanAssembly (0ms)
			ScanForSourceGeneratedMonoScriptInfo (1ms)
			ResolveRequiredComponents (1ms)
	FinalizeReload (524ms)
		ReleaseScriptCaches (0ms)
		RebuildScriptCaches (0ms)
		SetupLoadedEditorAssemblies (341ms)
			LogAssemblyErrors (0ms)
			InitializePlatformSupportModulesInManaged (10ms)
			SetLoadedEditorAssemblies (8ms)
			RefreshPlugins (0ms)
			BeforeProcessingInitializeOnLoad (41ms)
			ProcessInitializeOnLoadAttributes (243ms)
			ProcessInitializeOnLoadMethodAttributes (29ms)
			AfterProcessingInitializeOnLoad (9ms)
			EditorAssembliesLoaded (0ms)
		ExecutionOrderSort2 (0ms)
		AwakeInstancesAfterBackupRestoration (9ms)
Refreshing native plugins compatible for Editor in 0.00 ms, found 0 plugins.
Preloading 0 native plugins for Editor in 0.00 ms.
Unloading 6 Unused Serialized files (Serialized files now loaded: 0)
Unloading 1 unused Assets / (14.0 KB). Loaded Objects now: 494.
Memory consumption went from 63.5 MB to 63.4 MB.
Total: 3.223800 ms (FindLiveObjects: 0.042800 ms CreateObjectMapping: 0.004900 ms MarkObjects: 3.147100 ms  DeleteObjects: 0.027700 ms)

Prepare: number of updated asset objects reloaded= 0
AssetImportParameters requested are different than current active one (requested -> active):
  custom:container-muxer-webm: aa71ff27fc2769a1b78a27578f13a17b -> 
  custom:video-encoder-webm-vp8: eb34c28f22e8b96e1ab97ce403110664 -> 
  custom:video-codec-MediaFoundation-h265: 746d11721c4dcdbdad8f713fa42b33f4 -> 
  custom:audio-encoder-webm-vorbis: bf7c407c2cedff20999df2af8eb42d56 -> 
  custom:scripting/monoscript/fileName/NewBehaviourScript.cs: b21687ddb03d73bd9f0c1daecb9714de -> 
  custom:container-demuxer-ogg: 62fdf1f143b41e24485cea50d1cbac27 -> 
  custom:video-decoder-webm-vp8: 9c59270c3fd7afecdb556c50c9e8de78 -> 
  custom:audio-decoder-ogg-vorbis: bf7c407c2cedff20999df2af8eb42d56 -> 
  custom:scripting/monoscript/fileName/Ability.cs: c9e87aac7fd0c78e1ac3f834eae03b52 -> 5eed053f8ac20daf3c98b2278e4b2cb2
  custom:AudioImporter_EditorPlatform: d09bf68614088b80899f8185d706f6e7 -> 
  custom:video-decoder-ogg-theora: a1e56fd34408186e4bbccfd4996cb3dc -> 
  custom:scripting/monoscript/fileName/Creature.cs: a805b403afcf67895565a40f3aac2411 -> 70de5c74fa2a988f608152e52d40d55d
  custom:container-demuxer-webm: 4f35f7cbe854078d1ac9338744f61a02 -> 
  custom:scripting/monoscript/fileName/Battery.cs: 0b7cfc6a7c441861f394188487800501 -> 99d0e56ec10c43fc35e68d21c8b9fbf3
  custom:scripting/monoscript/fileName/Movement.cs: 1bc12bc9370e727baa54e145392501fb -> 
  custom:CustomObjectIndexerAttribute: 6d391050e5a25f67b0a2c618074f2cd9 -> 
  custom:scripting/monoscript/fileName/Sensor.cs: ce3f0ac65cf5c227ade9ec77e6127bdc -> 
  custom:framework-win-MediaFoundation: 216162199b28c13a410421893ffa2e32 -> 
  custom:SearchIndexIgnoredProperties: e643bd26f0fe6173181afceb89e7c659 -> 
  custom:scripting/monoscript/fileName/State.cs: 3df06341b2ecfe0354e6e107b6219960 -> e2caa5465a317649d0ccb9c5bec1f708
  custom:scripting/monoscript/fileName/Stat.cs: b49a28b35f569adc27a1daca6ca9932e -> a450a2aad9de47523be6115e1450ba88
========================================================================
Received Import Request.
  Time since last request: 45.591623 seconds.
  path: Assets/Clas10th (Instantiate & Destroy)/Scripts/WeaponManager.cs
  artifactKey: Guid(41fb0cc9d1a0a1d4db8dff8a524dd692) Importer(815301076,1909f56bfc062723c751e8b465ee728b)
Start importing Assets/Clas10th (Instantiate & Destroy)/Scripts/WeaponManager.cs using Guid(41fb0cc9d1a0a1d4db8dff8a524dd692) Importer(815301076,1909f56bfc062723c751e8b465ee728b)  -> (artifact id: '77a83a6b65811c47f097593597653943') in 0.002981 seconds
Number of updated asset objects reloaded before import = 0
Number of asset objects unloaded after import = 0
========================================================================
Received Import Request.
  Time since last request: 18.124146 seconds.
  path: Assets/Clas10th (Instantiate & Destroy)/LowPolyWeapons_LITE/Materials/LowPolyWeaponsLite_BG.mat
  artifactKey: Guid(ad92502c071a67f45a728e19c6baa36f) Importer(815301076,1909f56bfc062723c751e8b465ee728b)
Start importing Assets/Clas10th (Instantiate & Destroy)/LowPolyWeapons_LITE/Materials/LowPolyWeaponsLite_BG.mat using Guid(ad92502c071a67f45a728e19c6baa36f) Importer(815301076,1909f56bfc062723c751e8b465ee728b)  -> (artifact id: '2737a826e7b3a6dbf765a521801f5b64') in 0.137816 seconds
Number of updated asset objects reloaded before import = 0
Number of asset objects unloaded after import = 1
========================================================================
Received Import Request.
  Time since last request: 26.078910 seconds.
  path: Assets/Clas10th (Instantiate & Destroy)/LowPolyWeapons_LITE/Texture/WeaponsLite_Texture_01.png
  artifactKey: Guid(17103bec7cc53614483fa8b782e01866) Importer(815301076,1909f56bfc062723c751e8b465ee728b)
Start importing Assets/Clas10th (Instantiate & Destroy)/LowPolyWeapons_LITE/Texture/WeaponsLite_Texture_01.png using Guid(17103bec7cc53614483fa8b782e01866) Importer(815301076,1909f56bfc062723c751e8b465ee728b)  -> (artifact id: 'f5c4768a3b388043dc1f8401f4cbc72b') in 0.050351 seconds
Number of updated asset objects reloaded before import = 0
Number of asset objects unloaded after import = 2
========================================================================
Received Prepare
Begin MonoManager ReloadAssembly
- Loaded All Assemblies, in  0.280 seconds
Refreshing native plugins compatible for Editor in 0.00 ms, found 0 plugins.
Native extension for UWP target not found
Native extension for WindowsStandalone target not found
Mono: successfully reloaded assembly
- Finished resetting the current domain, in  0.468 seconds
Domain Reload Profiling: 745ms
	BeginReloadAssembly (177ms)
		ExecutionOrderSort (0ms)
		DisableScriptedObjects (5ms)
		BackupInstance (0ms)
		ReleaseScriptingObjects (0ms)
		CreateAndSetChildDomain (20ms)
	RebuildCommonClasses (45ms)
	RebuildNativeTypeToScriptingClass (14ms)
	initialDomainReloadingComplete (31ms)
	LoadAllAssembliesAndSetupDomain (10ms)
		LoadAssemblies (118ms)
		RebuildTransferFunctionScriptingTraits (0ms)
		AnalyzeDomain (7ms)
			TypeCache.Refresh (4ms)
				TypeCache.ScanAssembly (0ms)
			ScanForSourceGeneratedMonoScriptInfo (0ms)
			ResolveRequiredComponents (1ms)
	FinalizeReload (468ms)
		ReleaseScriptCaches (0ms)
		RebuildScriptCaches (0ms)
		SetupLoadedEditorAssemblies (296ms)
			LogAssemblyErrors (0ms)
			InitializePlatformSupportModulesInManaged (11ms)
			SetLoadedEditorAssemblies (8ms)
			RefreshPlugins (0ms)
			BeforeProcessingInitializeOnLoad (37ms)
			ProcessInitializeOnLoadAttributes (204ms)
			ProcessInitializeOnLoadMethodAttributes (28ms)
			AfterProcessingInitializeOnLoad (8ms)
			EditorAssembliesLoaded (0ms)
		ExecutionOrderSort2 (0ms)
		AwakeInstancesAfterBackupRestoration (9ms)
Refreshing native plugins compatible for Editor in 0.00 ms, found 0 plugins.
Preloading 0 native plugins for Editor in 0.00 ms.
Unloading 6 Unused Serialized files (Serialized files now loaded: 0)
Unloading 1 unused Assets / (14.0 KB). Loaded Objects now: 528.
Memory consumption went from 65.6 MB to 65.6 MB.
Total: 2.947100 ms (FindLiveObjects: 0.045400 ms CreateObjectMapping: 0.004400 ms MarkObjects: 2.875900 ms  DeleteObjects: 0.020200 ms)

Prepare: number of updated asset objects reloaded= 0
AssetImportParameters requested are different than current active one (requested -> active):
  custom:container-muxer-webm: aa71ff27fc2769a1b78a27578f13a17b -> 
  custom:video-encoder-webm-vp8: eb34c28f22e8b96e1ab97ce403110664 -> 
  custom:video-codec-MediaFoundation-h265: 746d11721c4dcdbdad8f713fa42b33f4 -> 
  custom:audio-encoder-webm-vorbis: bf7c407c2cedff20999df2af8eb42d56 -> 
  custom:scripting/monoscript/fileName/NewBehaviourScript.cs: b21687ddb03d73bd9f0c1daecb9714de -> 
  custom:container-demuxer-ogg: 62fdf1f143b41e24485cea50d1cbac27 -> 
  custom:video-decoder-webm-vp8: 9c59270c3fd7afecdb556c50c9e8de78 -> 
  custom:audio-decoder-ogg-vorbis: bf7c407c2cedff20999df2af8eb42d56 -> 
  custom:scripting/monoscript/fileName/Ability.cs: c9e87aac7fd0c78e1ac3f834eae03b52 -> 5eed053f8ac20daf3c98b2278e4b2cb2
  custom:AudioImporter_EditorPlatform: d09bf68614088b80899f8185d706f6e7 -> 
  custom:video-decoder-ogg-theora: a1e56fd34408186e4bbccfd4996cb3dc -> 
  custom:scripting/monoscript/fileName/Creature.cs: a805b403afcf67895565a40f3aac2411 -> 70de5c74fa2a988f608152e52d40d55d
  custom:container-demuxer-webm: 4f35f7cbe854078d1ac9338744f61a02 -> 
  custom:scripting/monoscript/fileName/Battery.cs: 0b7cfc6a7c441861f394188487800501 -> 99d0e56ec10c43fc35e68d21c8b9fbf3
  custom:scripting/monoscript/fileName/Movement.cs: 1bc12bc9370e727baa54e145392501fb -> 
  custom:CustomObjectIndexerAttribute: 6d391050e5a25f67b0a2c618074f2cd9 -> 
  custom:scripting/monoscript/fileName/Sensor.cs: ce3f0ac65cf5c227ade9ec77e6127bdc -> 
  custom:framework-win-MediaFoundation: 216162199b28c13a410421893ffa2e32 -> 
  custom:SearchIndexIgnoredProperties: e643bd26f0fe6173181afceb89e7c659 -> 
  custom:scripting/monoscript/fileName/State.cs: 3df06341b2ecfe0354e6e107b6219960 -> e2caa5465a317649d0ccb9c5bec1f708
  custom:scripting/monoscript/fileName/Stat.cs: b49a28b35f569adc27a1daca6ca9932e -> a450a2aad9de47523be6115e1450ba88
========================================================================
Received Prepare
Begin MonoManager ReloadAssembly
- Loaded All Assemblies, in  0.313 seconds
Refreshing native plugins compatible for Editor in 0.00 ms, found 0 plugins.
Native extension for UWP target not found
Native extension for WindowsStandalone target not found
Mono: successfully reloaded assembly
- Finished resetting the current domain, in  0.478 seconds
Domain Reload Profiling: 789ms
	BeginReloadAssembly (204ms)
		ExecutionOrderSort (0ms)
		DisableScriptedObjects (8ms)
		BackupInstance (0ms)
		ReleaseScriptingObjects (0ms)
		CreateAndSetChildDomain (28ms)
	RebuildCommonClasses (48ms)
	RebuildNativeTypeToScriptingClass (14ms)
	initialDomainReloadingComplete (33ms)
	LoadAllAssembliesAndSetupDomain (12ms)
		LoadAssemblies (126ms)
		RebuildTransferFunctionScriptingTraits (0ms)
		AnalyzeDomain (9ms)
			TypeCache.Refresh (6ms)
				TypeCache.ScanAssembly (0ms)
			ScanForSourceGeneratedMonoScriptInfo (1ms)
			ResolveRequiredComponents (1ms)
	FinalizeReload (479ms)
		ReleaseScriptCaches (0ms)
		RebuildScriptCaches (0ms)
		SetupLoadedEditorAssemblies (302ms)
			LogAssemblyErrors (0ms)
			InitializePlatformSupportModulesInManaged (11ms)
			SetLoadedEditorAssemblies (9ms)
			RefreshPlugins (0ms)
			BeforeProcessingInitializeOnLoad (40ms)
			ProcessInitializeOnLoadAttributes (206ms)
			ProcessInitializeOnLoadMethodAttributes (27ms)
			AfterProcessingInitializeOnLoad (8ms)
			EditorAssembliesLoaded (0ms)
		ExecutionOrderSort2 (0ms)
		AwakeInstancesAfterBackupRestoration (9ms)
Refreshing native plugins compatible for Editor in 0.00 ms, found 0 plugins.
Preloading 0 native plugins for Editor in 0.00 ms.
Unloading 7 Unused Serialized files (Serialized files now loaded: 0)
Unloading 1 unused Assets / (16.2 KB). Loaded Objects now: 528.
Memory consumption went from 67.8 MB to 67.8 MB.
Total: 2.750700 ms (FindLiveObjects: 0.076800 ms CreateObjectMapping: 0.006100 ms MarkObjects: 2.648400 ms  DeleteObjects: 0.018500 ms)

Prepare: number of updated asset objects reloaded= 0
AssetImportParameters requested are different than current active one (requested -> active):
  custom:container-muxer-webm: aa71ff27fc2769a1b78a27578f13a17b -> 
  custom:video-encoder-webm-vp8: eb34c28f22e8b96e1ab97ce403110664 -> 
  custom:video-codec-MediaFoundation-h265: 746d11721c4dcdbdad8f713fa42b33f4 -> 
  custom:audio-encoder-webm-vorbis: bf7c407c2cedff20999df2af8eb42d56 -> 
  custom:scripting/monoscript/fileName/NewBehaviourScript.cs: b21687ddb03d73bd9f0c1daecb9714de -> 
  custom:container-demuxer-ogg: 62fdf1f143b41e24485cea50d1cbac27 -> 
  custom:video-decoder-webm-vp8: 9c59270c3fd7afecdb556c50c9e8de78 -> 
  custom:audio-decoder-ogg-vorbis: bf7c407c2cedff20999df2af8eb42d56 -> 
  custom:scripting/monoscript/fileName/Ability.cs: c9e87aac7fd0c78e1ac3f834eae03b52 -> 5eed053f8ac20daf3c98b2278e4b2cb2
  custom:AudioImporter_EditorPlatform: d09bf68614088b80899f8185d706f6e7 -> 
  custom:video-decoder-ogg-theora: a1e56fd34408186e4bbccfd4996cb3dc -> 
  custom:scripting/monoscript/fileName/Creature.cs: a805b403afcf67895565a40f3aac2411 -> 70de5c74fa2a988f608152e52d40d55d
  custom:container-demuxer-webm: 4f35f7cbe854078d1ac9338744f61a02 -> 
  custom:scripting/monoscript/fileName/Battery.cs: 0b7cfc6a7c441861f394188487800501 -> 99d0e56ec10c43fc35e68d21c8b9fbf3
  custom:scripting/monoscript/fileName/Movement.cs: 1bc12bc9370e727baa54e145392501fb -> 
  custom:CustomObjectIndexerAttribute: 6d391050e5a25f67b0a2c618074f2cd9 -> 
  custom:scripting/monoscript/fileName/Sensor.cs: ce3f0ac65cf5c227ade9ec77e6127bdc -> 
  custom:framework-win-MediaFoundation: 216162199b28c13a410421893ffa2e32 -> 
  custom:SearchIndexIgnoredProperties: e643bd26f0fe6173181afceb89e7c659 -> 
  custom:scripting/monoscript/fileName/State.cs: 3df06341b2ecfe0354e6e107b6219960 -> e2caa5465a317649d0ccb9c5bec1f708
  custom:scripting/monoscript/fileName/Stat.cs: b49a28b35f569adc27a1daca6ca9932e -> a450a2aad9de47523be6115e1450ba88
========================================================================
Received Import Request.
  Time since last request: 51.397535 seconds.
  path: Assets/Clas10th (Instantiate & Destroy)/Scripts/WeaponManager.cs
  artifactKey: Guid(41fb0cc9d1a0a1d4db8dff8a524dd692) Importer(815301076,1909f56bfc062723c751e8b465ee728b)
Start importing Assets/Clas10th (Instantiate & Destroy)/Scripts/WeaponManager.cs using Guid(41fb0cc9d1a0a1d4db8dff8a524dd692) Importer(815301076,1909f56bfc062723c751e8b465ee728b)  -> (artifact id: 'b04cc15d4f03471a3100e51245b2a484') in 0.003107 seconds
Number of updated asset objects reloaded before import = 0
Number of asset objects unloaded after import = 0
========================================================================
Received Prepare
Begin MonoManager ReloadAssembly
- Loaded All Assemblies, in  0.284 seconds
Refreshing native plugins compatible for Editor in 0.00 ms, found 0 plugins.
Native extension for UWP target not found
Native extension for WindowsStandalone target not found
Mono: successfully reloaded assembly
- Finished resetting the current domain, in  0.477 seconds
Domain Reload Profiling: 760ms
	BeginReloadAssembly (179ms)
		ExecutionOrderSort (0ms)
		DisableScriptedObjects (7ms)
		BackupInstance (0ms)
		ReleaseScriptingObjects (0ms)
		CreateAndSetChildDomain (20ms)
	RebuildCommonClasses (46ms)
	RebuildNativeTypeToScriptingClass (15ms)
	initialDomainReloadingComplete (32ms)
	LoadAllAssembliesAndSetupDomain (10ms)
		LoadAssemblies (118ms)
		RebuildTransferFunctionScriptingTraits (0ms)
		AnalyzeDomain (7ms)
			TypeCache.Refresh (4ms)
				TypeCache.ScanAssembly (0ms)
			ScanForSourceGeneratedMonoScriptInfo (0ms)
			ResolveRequiredComponents (1ms)
	FinalizeReload (478ms)
		ReleaseScriptCaches (0ms)
		RebuildScriptCaches (0ms)
		SetupLoadedEditorAssemblies (305ms)
			LogAssemblyErrors (0ms)
			InitializePlatformSupportModulesInManaged (10ms)
			SetLoadedEditorAssemblies (8ms)
			RefreshPlugins (0ms)
			BeforeProcessingInitializeOnLoad (39ms)
			ProcessInitializeOnLoadAttributes (211ms)
			ProcessInitializeOnLoadMethodAttributes (28ms)
			AfterProcessingInitializeOnLoad (9ms)
			EditorAssembliesLoaded (0ms)
		ExecutionOrderSort2 (0ms)
		AwakeInstancesAfterBackupRestoration (9ms)
Refreshing native plugins compatible for Editor in 0.00 ms, found 0 plugins.
Preloading 0 native plugins for Editor in 0.00 ms.
Unloading 6 Unused Serialized files (Serialized files now loaded: 0)
Unloading 1 unused Assets / (14.0 KB). Loaded Objects now: 528.
Memory consumption went from 69.5 MB to 69.5 MB.
Total: 2.800300 ms (FindLiveObjects: 0.043600 ms CreateObjectMapping: 0.004800 ms MarkObjects: 2.730800 ms  DeleteObjects: 0.019700 ms)

Prepare: number of updated asset objects reloaded= 0
AssetImportParameters requested are different than current active one (requested -> active):
  custom:container-muxer-webm: aa71ff27fc2769a1b78a27578f13a17b -> 
  custom:video-encoder-webm-vp8: eb34c28f22e8b96e1ab97ce403110664 -> 
  custom:video-codec-MediaFoundation-h265: 746d11721c4dcdbdad8f713fa42b33f4 -> 
  custom:audio-encoder-webm-vorbis: bf7c407c2cedff20999df2af8eb42d56 -> 
  custom:scripting/monoscript/fileName/NewBehaviourScript.cs: b21687ddb03d73bd9f0c1daecb9714de -> 
  custom:container-demuxer-ogg: 62fdf1f143b41e24485cea50d1cbac27 -> 
  custom:video-decoder-webm-vp8: 9c59270c3fd7afecdb556c50c9e8de78 -> 
  custom:audio-decoder-ogg-vorbis: bf7c407c2cedff20999df2af8eb42d56 -> 
  custom:scripting/monoscript/fileName/Ability.cs: c9e87aac7fd0c78e1ac3f834eae03b52 -> 5eed053f8ac20daf3c98b2278e4b2cb2
  custom:AudioImporter_EditorPlatform: d09bf68614088b80899f8185d706f6e7 -> 
  custom:video-decoder-ogg-theora: a1e56fd34408186e4bbccfd4996cb3dc -> 
  custom:scripting/monoscript/fileName/Creature.cs: a805b403afcf67895565a40f3aac2411 -> 70de5c74fa2a988f608152e52d40d55d
  custom:container-demuxer-webm: 4f35f7cbe854078d1ac9338744f61a02 -> 
  custom:scripting/monoscript/fileName/Battery.cs: 0b7cfc6a7c441861f394188487800501 -> 99d0e56ec10c43fc35e68d21c8b9fbf3
  custom:scripting/monoscript/fileName/Movement.cs: 1bc12bc9370e727baa54e145392501fb -> 
  custom:CustomObjectIndexerAttribute: 6d391050e5a25f67b0a2c618074f2cd9 -> 
  custom:scripting/monoscript/fileName/Sensor.cs: ce3f0ac65cf5c227ade9ec77e6127bdc -> 
  custom:framework-win-MediaFoundation: 216162199b28c13a410421893ffa2e32 -> 
  custom:SearchIndexIgnoredProperties: e643bd26f0fe6173181afceb89e7c659 -> 
  custom:scripting/monoscript/fileName/State.cs: 3df06341b2ecfe0354e6e107b6219960 -> e2caa5465a317649d0ccb9c5bec1f708
  custom:scripting/monoscript/fileName/Stat.cs: b49a28b35f569adc27a1daca6ca9932e -> a450a2aad9de47523be6115e1450ba88
========================================================================
Received Import Request.
  Time since last request: 17.680294 seconds.
  path: Assets/Clas10th (Instantiate & Destroy)/LowPolyWeapons_LITE/Scenes
  artifactKey: Guid(2ac79d33fe2b68a46b28f05ecc130cb2) Importer(815301076,1909f56bfc062723c751e8b465ee728b)
Start importing Assets/Clas10th (Instantiate & Destroy)/LowPolyWeapons_LITE/Scenes using Guid(2ac79d33fe2b68a46b28f05ecc130cb2) Importer(815301076,1909f56bfc062723c751e8b465ee728b)  -> (artifact id: 'b5c8aef7f6fb92dba3c86d8b4aed8552') in 0.002888 seconds
Number of updated asset objects reloaded before import = 0
Number of asset objects unloaded after import = 0
========================================================================
Received Prepare
Begin MonoManager ReloadAssembly
- Loaded All Assemblies, in  0.288 seconds
Refreshing native plugins compatible for Editor in 0.00 ms, found 0 plugins.
Native extension for UWP target not found
Native extension for WindowsStandalone target not found
Mono: successfully reloaded assembly
- Finished resetting the current domain, in  0.479 seconds
Domain Reload Profiling: 765ms
	BeginReloadAssembly (183ms)
		ExecutionOrderSort (0ms)
		DisableScriptedObjects (7ms)
		BackupInstance (0ms)
		ReleaseScriptingObjects (0ms)
		CreateAndSetChildDomain (20ms)
	RebuildCommonClasses (48ms)
	RebuildNativeTypeToScriptingClass (14ms)
	initialDomainReloadingComplete (32ms)
	LoadAllAssembliesAndSetupDomain (9ms)
		LoadAssemblies (120ms)
		RebuildTransferFunctionScriptingTraits (0ms)
		AnalyzeDomain (6ms)
			TypeCache.Refresh (4ms)
				TypeCache.ScanAssembly (0ms)
			ScanForSourceGeneratedMonoScriptInfo (0ms)
			ResolveRequiredComponents (1ms)
	FinalizeReload (479ms)
		ReleaseScriptCaches (0ms)
		RebuildScriptCaches (0ms)
		SetupLoadedEditorAssemblies (303ms)
			LogAssemblyErrors (0ms)
			InitializePlatformSupportModulesInManaged (10ms)
			SetLoadedEditorAssemblies (8ms)
			RefreshPlugins (0ms)
			BeforeProcessingInitializeOnLoad (40ms)
			ProcessInitializeOnLoadAttributes (207ms)
			ProcessInitializeOnLoadMethodAttributes (29ms)
			AfterProcessingInitializeOnLoad (9ms)
			EditorAssembliesLoaded (0ms)
		ExecutionOrderSort2 (0ms)
		AwakeInstancesAfterBackupRestoration (9ms)
Refreshing native plugins compatible for Editor in 0.00 ms, found 0 plugins.
Preloading 0 native plugins for Editor in 0.00 ms.
Unloading 6 Unused Serialized files (Serialized files now loaded: 0)
Unloading 1 unused Assets / (14.0 KB). Loaded Objects now: 528.
Memory consumption went from 71.4 MB to 71.4 MB.
Total: 2.707300 ms (FindLiveObjects: 0.047600 ms CreateObjectMapping: 0.004600 ms MarkObjects: 2.635700 ms  DeleteObjects: 0.017900 ms)

Prepare: number of updated asset objects reloaded= 0
AssetImportParameters requested are different than current active one (requested -> active):
  custom:container-muxer-webm: aa71ff27fc2769a1b78a27578f13a17b -> 
  custom:video-encoder-webm-vp8: eb34c28f22e8b96e1ab97ce403110664 -> 
  custom:video-codec-MediaFoundation-h265: 746d11721c4dcdbdad8f713fa42b33f4 -> 
  custom:audio-encoder-webm-vorbis: bf7c407c2cedff20999df2af8eb42d56 -> 
  custom:scripting/monoscript/fileName/NewBehaviourScript.cs: b21687ddb03d73bd9f0c1daecb9714de -> 
  custom:container-demuxer-ogg: 62fdf1f143b41e24485cea50d1cbac27 -> 
  custom:video-decoder-webm-vp8: 9c59270c3fd7afecdb556c50c9e8de78 -> 
  custom:audio-decoder-ogg-vorbis: bf7c407c2cedff20999df2af8eb42d56 -> 
  custom:scripting/monoscript/fileName/Ability.cs: c9e87aac7fd0c78e1ac3f834eae03b52 -> 5eed053f8ac20daf3c98b2278e4b2cb2
  custom:AudioImporter_EditorPlatform: d09bf68614088b80899f8185d706f6e7 -> 
  custom:video-decoder-ogg-theora: a1e56fd34408186e4bbccfd4996cb3dc -> 
  custom:scripting/monoscript/fileName/Creature.cs: a805b403afcf67895565a40f3aac2411 -> 70de5c74fa2a988f608152e52d40d55d
  custom:container-demuxer-webm: 4f35f7cbe854078d1ac9338744f61a02 -> 
  custom:scripting/monoscript/fileName/Battery.cs: 0b7cfc6a7c441861f394188487800501 -> 99d0e56ec10c43fc35e68d21c8b9fbf3
  custom:scripting/monoscript/fileName/Movement.cs: 1bc12bc9370e727baa54e145392501fb -> 
  custom:CustomObjectIndexerAttribute: 6d391050e5a25f67b0a2c618074f2cd9 -> 
  custom:scripting/monoscript/fileName/Sensor.cs: ce3f0ac65cf5c227ade9ec77e6127bdc -> 
  custom:framework-win-MediaFoundation: 216162199b28c13a410421893ffa2e32 -> 
  custom:SearchIndexIgnoredProperties: e643bd26f0fe6173181afceb89e7c659 -> 
  custom:scripting/monoscript/fileName/State.cs: 3df06341b2ecfe0354e6e107b6219960 -> e2caa5465a317649d0ccb9c5bec1f708
  custom:scripting/monoscript/fileName/Stat.cs: b49a28b35f569adc27a1daca6ca9932e -> a450a2aad9de47523be6115e1450ba88
========================================================================
Received Prepare
Begin MonoManager ReloadAssembly
- Loaded All Assemblies, in  0.282 seconds
Refreshing native plugins compatible for Editor in 0.00 ms, found 0 plugins.
Native extension for UWP target not found
Native extension for WindowsStandalone target not found
Mono: successfully reloaded assembly
- Finished resetting the current domain, in  0.473 seconds
Domain Reload Profiling: 753ms
	BeginReloadAssembly (179ms)
		ExecutionOrderSort (0ms)
		DisableScriptedObjects (8ms)
		BackupInstance (0ms)
		ReleaseScriptingObjects (0ms)
		CreateAndSetChildDomain (19ms)
	RebuildCommonClasses (45ms)
	RebuildNativeTypeToScriptingClass (14ms)
	initialDomainReloadingComplete (32ms)
	LoadAllAssembliesAndSetupDomain (10ms)
		LoadAssemblies (117ms)
		RebuildTransferFunctionScriptingTraits (0ms)
		AnalyzeDomain (7ms)
			TypeCache.Refresh (4ms)
				TypeCache.ScanAssembly (0ms)
			ScanForSourceGeneratedMonoScriptInfo (0ms)
			ResolveRequiredComponents (1ms)
	FinalizeReload (474ms)
		ReleaseScriptCaches (0ms)
		RebuildScriptCaches (0ms)
		SetupLoadedEditorAssemblies (299ms)
			LogAssemblyErrors (0ms)
			InitializePlatformSupportModulesInManaged (10ms)
			SetLoadedEditorAssemblies (8ms)
			RefreshPlugins (0ms)
			BeforeProcessingInitializeOnLoad (40ms)
			ProcessInitializeOnLoadAttributes (204ms)
			ProcessInitializeOnLoadMethodAttributes (28ms)
			AfterProcessingInitializeOnLoad (9ms)
			EditorAssembliesLoaded (0ms)
		ExecutionOrderSort2 (0ms)
		AwakeInstancesAfterBackupRestoration (9ms)
Refreshing native plugins compatible for Editor in 0.00 ms, found 0 plugins.
Preloading 0 native plugins for Editor in 0.00 ms.
Unloading 7 Unused Serialized files (Serialized files now loaded: 0)
Unloading 1 unused Assets / (16.2 KB). Loaded Objects now: 528.
Memory consumption went from 73.6 MB to 73.6 MB.
Total: 2.869900 ms (FindLiveObjects: 0.040900 ms CreateObjectMapping: 0.004500 ms MarkObjects: 2.802400 ms  DeleteObjects: 0.020500 ms)

Prepare: number of updated asset objects reloaded= 0
AssetImportParameters requested are different than current active one (requested -> active):
  custom:container-muxer-webm: aa71ff27fc2769a1b78a27578f13a17b -> 
  custom:video-encoder-webm-vp8: eb34c28f22e8b96e1ab97ce403110664 -> 
  custom:video-codec-MediaFoundation-h265: 746d11721c4dcdbdad8f713fa42b33f4 -> 
  custom:audio-encoder-webm-vorbis: bf7c407c2cedff20999df2af8eb42d56 -> 
  custom:scripting/monoscript/fileName/NewBehaviourScript.cs: b21687ddb03d73bd9f0c1daecb9714de -> 
  custom:container-demuxer-ogg: 62fdf1f143b41e24485cea50d1cbac27 -> 
  custom:video-decoder-webm-vp8: 9c59270c3fd7afecdb556c50c9e8de78 -> 
  custom:audio-decoder-ogg-vorbis: bf7c407c2cedff20999df2af8eb42d56 -> 
  custom:scripting/monoscript/fileName/Ability.cs: c9e87aac7fd0c78e1ac3f834eae03b52 -> 5eed053f8ac20daf3c98b2278e4b2cb2
  custom:AudioImporter_EditorPlatform: d09bf68614088b80899f8185d706f6e7 -> 
  custom:video-decoder-ogg-theora: a1e56fd34408186e4bbccfd4996cb3dc -> 
  custom:scripting/monoscript/fileName/Creature.cs: a805b403afcf67895565a40f3aac2411 -> 70de5c74fa2a988f608152e52d40d55d
  custom:container-demuxer-webm: 4f35f7cbe854078d1ac9338744f61a02 -> 
  custom:scripting/monoscript/fileName/Battery.cs: 0b7cfc6a7c441861f394188487800501 -> 99d0e56ec10c43fc35e68d21c8b9fbf3
  custom:scripting/monoscript/fileName/Movement.cs: 1bc12bc9370e727baa54e145392501fb -> 
  custom:CustomObjectIndexerAttribute: 6d391050e5a25f67b0a2c618074f2cd9 -> 
  custom:scripting/monoscript/fileName/Sensor.cs: ce3f0ac65cf5c227ade9ec77e6127bdc -> 
  custom:framework-win-MediaFoundation: 216162199b28c13a410421893ffa2e32 -> 
  custom:SearchIndexIgnoredProperties: e643bd26f0fe6173181afceb89e7c659 -> 
  custom:scripting/monoscript/fileName/State.cs: 3df06341b2ecfe0354e6e107b6219960 -> e2caa5465a317649d0ccb9c5bec1f708
  custom:scripting/monoscript/fileName/Stat.cs: b49a28b35f569adc27a1daca6ca9932e -> a450a2aad9de47523be6115e1450ba88
========================================================================
Received Prepare
Begin MonoManager ReloadAssembly
- Loaded All Assemblies, in  0.282 seconds
Refreshing native plugins compatible for Editor in 0.00 ms, found 0 plugins.
Native extension for UWP target not found
Native extension for WindowsStandalone target not found
Mono: successfully reloaded assembly
- Finished resetting the current domain, in  0.470 seconds
Domain Reload Profiling: 750ms
	BeginReloadAssembly (177ms)
		ExecutionOrderSort (0ms)
		DisableScriptedObjects (7ms)
		BackupInstance (0ms)
		ReleaseScriptingObjects (0ms)
		CreateAndSetChildDomain (19ms)
	RebuildCommonClasses (46ms)
	RebuildNativeTypeToScriptingClass (14ms)
	initialDomainReloadingComplete (32ms)
	LoadAllAssembliesAndSetupDomain (10ms)
		LoadAssemblies (118ms)
		RebuildTransferFunctionScriptingTraits (0ms)
		AnalyzeDomain (7ms)
			TypeCache.Refresh (4ms)
				TypeCache.ScanAssembly (0ms)
			ScanForSourceGeneratedMonoScriptInfo (0ms)
			ResolveRequiredComponents (1ms)
	FinalizeReload (471ms)
		ReleaseScriptCaches (0ms)
		RebuildScriptCaches (0ms)
		SetupLoadedEditorAssemblies (297ms)
			LogAssemblyErrors (0ms)
			InitializePlatformSupportModulesInManaged (10ms)
			SetLoadedEditorAssemblies (8ms)
			RefreshPlugins (0ms)
			BeforeProcessingInitializeOnLoad (39ms)
			ProcessInitializeOnLoadAttributes (204ms)
			ProcessInitializeOnLoadMethodAttributes (27ms)
			AfterProcessingInitializeOnLoad (9ms)
			EditorAssembliesLoaded (0ms)
		ExecutionOrderSort2 (0ms)
		AwakeInstancesAfterBackupRestoration (9ms)
Refreshing native plugins compatible for Editor in 0.00 ms, found 0 plugins.
Preloading 0 native plugins for Editor in 0.00 ms.
Unloading 7 Unused Serialized files (Serialized files now loaded: 0)
Unloading 1 unused Assets / (16.2 KB). Loaded Objects now: 528.
Memory consumption went from 75.5 MB to 75.5 MB.
Total: 2.713800 ms (FindLiveObjects: 0.040600 ms CreateObjectMapping: 0.004600 ms MarkObjects: 2.646100 ms  DeleteObjects: 0.021300 ms)

Prepare: number of updated asset objects reloaded= 0
AssetImportParameters requested are different than current active one (requested -> active):
  custom:container-muxer-webm: aa71ff27fc2769a1b78a27578f13a17b -> 
  custom:video-encoder-webm-vp8: eb34c28f22e8b96e1ab97ce403110664 -> 
  custom:video-codec-MediaFoundation-h265: 746d11721c4dcdbdad8f713fa42b33f4 -> 
  custom:audio-encoder-webm-vorbis: bf7c407c2cedff20999df2af8eb42d56 -> 
  custom:scripting/monoscript/fileName/NewBehaviourScript.cs: b21687ddb03d73bd9f0c1daecb9714de -> 
  custom:container-demuxer-ogg: 62fdf1f143b41e24485cea50d1cbac27 -> 
  custom:video-decoder-webm-vp8: 9c59270c3fd7afecdb556c50c9e8de78 -> 
  custom:audio-decoder-ogg-vorbis: bf7c407c2cedff20999df2af8eb42d56 -> 
  custom:scripting/monoscript/fileName/Ability.cs: c9e87aac7fd0c78e1ac3f834eae03b52 -> 5eed053f8ac20daf3c98b2278e4b2cb2
  custom:AudioImporter_EditorPlatform: d09bf68614088b80899f8185d706f6e7 -> 
  custom:video-decoder-ogg-theora: a1e56fd34408186e4bbccfd4996cb3dc -> 
  custom:scripting/monoscript/fileName/Creature.cs: a805b403afcf67895565a40f3aac2411 -> 70de5c74fa2a988f608152e52d40d55d
  custom:container-demuxer-webm: 4f35f7cbe854078d1ac9338744f61a02 -> 
  custom:scripting/monoscript/fileName/Battery.cs: 0b7cfc6a7c441861f394188487800501 -> 99d0e56ec10c43fc35e68d21c8b9fbf3
  custom:scripting/monoscript/fileName/Movement.cs: 1bc12bc9370e727baa54e145392501fb -> 
  custom:CustomObjectIndexerAttribute: 6d391050e5a25f67b0a2c618074f2cd9 -> 
  custom:scripting/monoscript/fileName/Sensor.cs: ce3f0ac65cf5c227ade9ec77e6127bdc -> 
  custom:framework-win-MediaFoundation: 216162199b28c13a410421893ffa2e32 -> 
  custom:SearchIndexIgnoredProperties: e643bd26f0fe6173181afceb89e7c659 -> 
  custom:scripting/monoscript/fileName/State.cs: 3df06341b2ecfe0354e6e107b6219960 -> e2caa5465a317649d0ccb9c5bec1f708
  custom:scripting/monoscript/fileName/Stat.cs: b49a28b35f569adc27a1daca6ca9932e -> a450a2aad9de47523be6115e1450ba88
